{"/mnt/c/Users/djein/OneDrive/Documents/Senior-Classes/CSE-120/Project_Prototypes/Stellar-Odyssey/server.js": {"path":"/mnt/c/Users/djein/OneDrive/Documents/Senior-Classes/CSE-120/Project_Prototypes/Stellar-Odyssey/server.js","all":true,"statementMap":{"0":{"start":{"line":1,"column":0},"end":{"line":1,"column":63}},"1":{"start":{"line":2,"column":0},"end":{"line":2,"column":60}},"2":{"start":{"line":3,"column":0},"end":{"line":3,"column":45}},"3":{"start":{"line":4,"column":0},"end":{"line":4,"column":63}},"4":{"start":{"line":5,"column":0},"end":{"line":5,"column":0}},"5":{"start":{"line":6,"column":0},"end":{"line":6,"column":30}},"6":{"start":{"line":7,"column":0},"end":{"line":7,"column":24}},"7":{"start":{"line":8,"column":0},"end":{"line":8,"column":28}},"8":{"start":{"line":9,"column":0},"end":{"line":9,"column":36}},"9":{"start":{"line":10,"column":0},"end":{"line":10,"column":37}},"10":{"start":{"line":11,"column":0},"end":{"line":11,"column":0}},"11":{"start":{"line":12,"column":0},"end":{"line":12,"column":16}},"12":{"start":{"line":13,"column":0},"end":{"line":13,"column":0}},"13":{"start":{"line":14,"column":0},"end":{"line":14,"column":50}},"14":{"start":{"line":15,"column":0},"end":{"line":15,"column":38}},"15":{"start":{"line":16,"column":0},"end":{"line":16,"column":22}},"16":{"start":{"line":17,"column":0},"end":{"line":17,"column":38}},"17":{"start":{"line":18,"column":0},"end":{"line":18,"column":0}},"18":{"start":{"line":19,"column":0},"end":{"line":19,"column":16}},"19":{"start":{"line":20,"column":0},"end":{"line":20,"column":24}},"20":{"start":{"line":21,"column":0},"end":{"line":21,"column":0}},"21":{"start":{"line":22,"column":0},"end":{"line":22,"column":41}},"22":{"start":{"line":23,"column":0},"end":{"line":23,"column":49}},"23":{"start":{"line":24,"column":0},"end":{"line":24,"column":0}},"24":{"start":{"line":25,"column":0},"end":{"line":25,"column":61}},"25":{"start":{"line":26,"column":0},"end":{"line":26,"column":80}},"26":{"start":{"line":27,"column":0},"end":{"line":27,"column":43}},"27":{"start":{"line":28,"column":0},"end":{"line":28,"column":7}},"28":{"start":{"line":29,"column":0},"end":{"line":29,"column":34}},"29":{"start":{"line":30,"column":0},"end":{"line":30,"column":0}},"30":{"start":{"line":31,"column":0},"end":{"line":31,"column":48}},"31":{"start":{"line":32,"column":0},"end":{"line":32,"column":76}},"32":{"start":{"line":33,"column":0},"end":{"line":33,"column":5}},"33":{"start":{"line":34,"column":0},"end":{"line":34,"column":0}},"34":{"start":{"line":35,"column":0},"end":{"line":35,"column":80}},"35":{"start":{"line":36,"column":0},"end":{"line":36,"column":21}},"36":{"start":{"line":37,"column":0},"end":{"line":37,"column":16}},"37":{"start":{"line":38,"column":0},"end":{"line":38,"column":43}},"38":{"start":{"line":39,"column":0},"end":{"line":39,"column":64}},"39":{"start":{"line":40,"column":0},"end":{"line":40,"column":8}},"40":{"start":{"line":41,"column":0},"end":{"line":41,"column":28}},"41":{"start":{"line":42,"column":0},"end":{"line":42,"column":29}},"42":{"start":{"line":43,"column":0},"end":{"line":43,"column":17}},"43":{"start":{"line":44,"column":0},"end":{"line":44,"column":24}},"44":{"start":{"line":45,"column":0},"end":{"line":45,"column":25}},"45":{"start":{"line":46,"column":0},"end":{"line":46,"column":9}},"46":{"start":{"line":47,"column":0},"end":{"line":47,"column":7}},"47":{"start":{"line":48,"column":0},"end":{"line":48,"column":0}},"48":{"start":{"line":49,"column":0},"end":{"line":49,"column":39}},"49":{"start":{"line":50,"column":0},"end":{"line":50,"column":0}},"50":{"start":{"line":51,"column":0},"end":{"line":51,"column":21}},"51":{"start":{"line":52,"column":0},"end":{"line":52,"column":49}},"52":{"start":{"line":53,"column":0},"end":{"line":53,"column":65}},"53":{"start":{"line":54,"column":0},"end":{"line":54,"column":5}},"54":{"start":{"line":55,"column":0},"end":{"line":55,"column":0}},"55":{"start":{"line":56,"column":0},"end":{"line":56,"column":57}},"56":{"start":{"line":57,"column":0},"end":{"line":57,"column":17}},"57":{"start":{"line":58,"column":0},"end":{"line":58,"column":44}},"58":{"start":{"line":59,"column":0},"end":{"line":59,"column":67}},"59":{"start":{"line":60,"column":0},"end":{"line":60,"column":3}},"60":{"start":{"line":61,"column":0},"end":{"line":61,"column":3}},"61":{"start":{"line":62,"column":0},"end":{"line":62,"column":0}},"62":{"start":{"line":63,"column":0},"end":{"line":63,"column":65}},"63":{"start":{"line":64,"column":0},"end":{"line":64,"column":77}},"64":{"start":{"line":65,"column":0},"end":{"line":65,"column":47}},"65":{"start":{"line":66,"column":0},"end":{"line":66,"column":7}},"66":{"start":{"line":67,"column":0},"end":{"line":67,"column":52}},"67":{"start":{"line":68,"column":0},"end":{"line":68,"column":0}},"68":{"start":{"line":69,"column":0},"end":{"line":69,"column":44}},"69":{"start":{"line":70,"column":0},"end":{"line":70,"column":93}},"70":{"start":{"line":71,"column":0},"end":{"line":71,"column":5}},"71":{"start":{"line":72,"column":0},"end":{"line":72,"column":0}},"72":{"start":{"line":73,"column":0},"end":{"line":73,"column":80}},"73":{"start":{"line":74,"column":0},"end":{"line":74,"column":21}},"74":{"start":{"line":75,"column":0},"end":{"line":75,"column":16}},"75":{"start":{"line":76,"column":0},"end":{"line":76,"column":43}},"76":{"start":{"line":77,"column":0},"end":{"line":77,"column":64}},"77":{"start":{"line":78,"column":0},"end":{"line":78,"column":8}},"78":{"start":{"line":79,"column":0},"end":{"line":79,"column":28}},"79":{"start":{"line":80,"column":0},"end":{"line":80,"column":29}},"80":{"start":{"line":81,"column":0},"end":{"line":81,"column":19}},"81":{"start":{"line":82,"column":0},"end":{"line":82,"column":11}},"82":{"start":{"line":83,"column":0},"end":{"line":83,"column":27}},"83":{"start":{"line":84,"column":0},"end":{"line":84,"column":119}},"84":{"start":{"line":85,"column":0},"end":{"line":85,"column":0}},"85":{"start":{"line":86,"column":0},"end":{"line":86,"column":49}},"86":{"start":{"line":87,"column":0},"end":{"line":87,"column":79}},"87":{"start":{"line":88,"column":0},"end":{"line":88,"column":59}},"88":{"start":{"line":89,"column":0},"end":{"line":89,"column":0}},"89":{"start":{"line":90,"column":0},"end":{"line":90,"column":17}},"90":{"start":{"line":91,"column":0},"end":{"line":91,"column":52}},"91":{"start":{"line":92,"column":0},"end":{"line":92,"column":88}},"92":{"start":{"line":93,"column":0},"end":{"line":93,"column":42}},"93":{"start":{"line":94,"column":0},"end":{"line":94,"column":71}},"94":{"start":{"line":95,"column":0},"end":{"line":95,"column":80}},"95":{"start":{"line":96,"column":0},"end":{"line":96,"column":0}},"96":{"start":{"line":97,"column":0},"end":{"line":97,"column":56}},"97":{"start":{"line":98,"column":0},"end":{"line":98,"column":65}},"98":{"start":{"line":99,"column":0},"end":{"line":99,"column":12}},"99":{"start":{"line":100,"column":0},"end":{"line":100,"column":11}},"100":{"start":{"line":101,"column":0},"end":{"line":101,"column":25}},"101":{"start":{"line":102,"column":0},"end":{"line":102,"column":52}},"102":{"start":{"line":103,"column":0},"end":{"line":103,"column":11}},"103":{"start":{"line":104,"column":0},"end":{"line":104,"column":10}},"104":{"start":{"line":105,"column":0},"end":{"line":105,"column":24}},"105":{"start":{"line":106,"column":0},"end":{"line":106,"column":25}},"106":{"start":{"line":107,"column":0},"end":{"line":107,"column":9}},"107":{"start":{"line":108,"column":0},"end":{"line":108,"column":7}},"108":{"start":{"line":109,"column":0},"end":{"line":109,"column":0}},"109":{"start":{"line":110,"column":0},"end":{"line":110,"column":39}},"110":{"start":{"line":111,"column":0},"end":{"line":111,"column":0}},"111":{"start":{"line":112,"column":0},"end":{"line":112,"column":21}},"112":{"start":{"line":113,"column":0},"end":{"line":113,"column":49}},"113":{"start":{"line":114,"column":0},"end":{"line":114,"column":65}},"114":{"start":{"line":115,"column":0},"end":{"line":115,"column":5}},"115":{"start":{"line":116,"column":0},"end":{"line":116,"column":0}},"116":{"start":{"line":117,"column":0},"end":{"line":117,"column":49}},"117":{"start":{"line":118,"column":0},"end":{"line":118,"column":60}},"118":{"start":{"line":119,"column":0},"end":{"line":119,"column":0}},"119":{"start":{"line":120,"column":0},"end":{"line":120,"column":9}},"120":{"start":{"line":121,"column":0},"end":{"line":121,"column":41}},"121":{"start":{"line":122,"column":0},"end":{"line":122,"column":23}},"122":{"start":{"line":123,"column":0},"end":{"line":123,"column":24}},"123":{"start":{"line":124,"column":0},"end":{"line":124,"column":70}},"124":{"start":{"line":125,"column":0},"end":{"line":125,"column":61}},"125":{"start":{"line":126,"column":0},"end":{"line":126,"column":73}},"126":{"start":{"line":127,"column":0},"end":{"line":127,"column":71}},"127":{"start":{"line":128,"column":0},"end":{"line":128,"column":16}},"128":{"start":{"line":129,"column":0},"end":{"line":129,"column":27}},"129":{"start":{"line":130,"column":0},"end":{"line":130,"column":103}},"130":{"start":{"line":131,"column":0},"end":{"line":131,"column":9}},"131":{"start":{"line":132,"column":0},"end":{"line":132,"column":5}},"132":{"start":{"line":133,"column":0},"end":{"line":133,"column":17}},"133":{"start":{"line":134,"column":0},"end":{"line":134,"column":44}},"134":{"start":{"line":135,"column":0},"end":{"line":135,"column":66}},"135":{"start":{"line":136,"column":0},"end":{"line":136,"column":3}},"136":{"start":{"line":137,"column":0},"end":{"line":137,"column":3}},"137":{"start":{"line":138,"column":0},"end":{"line":138,"column":0}},"138":{"start":{"line":139,"column":0},"end":{"line":139,"column":59}},"139":{"start":{"line":140,"column":0},"end":{"line":140,"column":38}},"140":{"start":{"line":141,"column":0},"end":{"line":141,"column":12}},"141":{"start":{"line":142,"column":0},"end":{"line":142,"column":17}},"142":{"start":{"line":143,"column":0},"end":{"line":143,"column":44}},"143":{"start":{"line":144,"column":0},"end":{"line":144,"column":40}},"144":{"start":{"line":145,"column":0},"end":{"line":145,"column":5}},"145":{"start":{"line":146,"column":0},"end":{"line":146,"column":3}},"146":{"start":{"line":147,"column":0},"end":{"line":147,"column":0}},"147":{"start":{"line":148,"column":0},"end":{"line":148,"column":59}},"148":{"start":{"line":149,"column":0},"end":{"line":149,"column":28}},"149":{"start":{"line":150,"column":0},"end":{"line":150,"column":54}},"150":{"start":{"line":151,"column":0},"end":{"line":151,"column":3}},"151":{"start":{"line":152,"column":0},"end":{"line":152,"column":0}},"152":{"start":{"line":153,"column":0},"end":{"line":153,"column":24}},"153":{"start":{"line":154,"column":0},"end":{"line":154,"column":80}},"154":{"start":{"line":155,"column":0},"end":{"line":155,"column":86}},"155":{"start":{"line":156,"column":0},"end":{"line":156,"column":3}}},"s":{"0":0,"1":0,"2":0,"3":0,"4":0,"5":0,"6":0,"7":0,"8":0,"9":0,"10":0,"11":0,"12":0,"13":0,"14":0,"15":0,"16":0,"17":0,"18":0,"19":0,"20":0,"21":0,"22":0,"23":0,"24":0,"25":0,"26":0,"27":0,"28":0,"29":0,"30":0,"31":0,"32":0,"33":0,"34":0,"35":0,"36":0,"37":0,"38":0,"39":0,"40":0,"41":0,"42":0,"43":0,"44":0,"45":0,"46":0,"47":0,"48":0,"49":0,"50":0,"51":0,"52":0,"53":0,"54":0,"55":0,"56":0,"57":0,"58":0,"59":0,"60":0,"61":0,"62":0,"63":0,"64":0,"65":0,"66":0,"67":0,"68":0,"69":0,"70":0,"71":0,"72":0,"73":0,"74":0,"75":0,"76":0,"77":0,"78":0,"79":0,"80":0,"81":0,"82":0,"83":0,"84":0,"85":0,"86":0,"87":0,"88":0,"89":0,"90":0,"91":0,"92":0,"93":0,"94":0,"95":0,"96":0,"97":0,"98":0,"99":0,"100":0,"101":0,"102":0,"103":0,"104":0,"105":0,"106":0,"107":0,"108":0,"109":0,"110":0,"111":0,"112":0,"113":0,"114":0,"115":0,"116":0,"117":0,"118":0,"119":0,"120":0,"121":0,"122":0,"123":0,"124":0,"125":0,"126":0,"127":0,"128":0,"129":0,"130":0,"131":0,"132":0,"133":0,"134":0,"135":0,"136":0,"137":0,"138":0,"139":0,"140":0,"141":0,"142":0,"143":0,"144":0,"145":0,"146":0,"147":0,"148":0,"149":0,"150":0,"151":0,"152":0,"153":0,"154":0,"155":0},"branchMap":{"0":{"type":"branch","line":1,"loc":{"start":{"line":1,"column":0},"end":{"line":156,"column":-532}},"locations":[{"start":{"line":1,"column":0},"end":{"line":156,"column":-532}}]}},"b":{"0":[0]},"fnMap":{"0":{"name":"(empty-report)","decl":{"start":{"line":1,"column":0},"end":{"line":156,"column":-532}},"loc":{"start":{"line":1,"column":0},"end":{"line":156,"column":-532}},"line":1}},"f":{"0":0}}
,"/mnt/c/Users/djein/OneDrive/Documents/Senior-Classes/CSE-120/Project_Prototypes/Stellar-Odyssey/solar-system-game.js": {"path":"/mnt/c/Users/djein/OneDrive/Documents/Senior-Classes/CSE-120/Project_Prototypes/Stellar-Odyssey/solar-system-game.js","all":true,"statementMap":{"0":{"start":{"line":1,"column":0},"end":{"line":1,"column":63}},"1":{"start":{"line":2,"column":0},"end":{"line":2,"column":45}},"2":{"start":{"line":3,"column":0},"end":{"line":3,"column":63}},"3":{"start":{"line":4,"column":0},"end":{"line":4,"column":39}},"4":{"start":{"line":5,"column":0},"end":{"line":5,"column":25}},"5":{"start":{"line":6,"column":0},"end":{"line":6,"column":63}},"6":{"start":{"line":7,"column":0},"end":{"line":7,"column":0}},"7":{"start":{"line":8,"column":0},"end":{"line":8,"column":27}},"8":{"start":{"line":9,"column":0},"end":{"line":9,"column":23}},"9":{"start":{"line":10,"column":0},"end":{"line":10,"column":27}},"10":{"start":{"line":11,"column":0},"end":{"line":11,"column":2}},"11":{"start":{"line":12,"column":0},"end":{"line":12,"column":17}},"12":{"start":{"line":13,"column":0},"end":{"line":13,"column":61}},"13":{"start":{"line":14,"column":0},"end":{"line":14,"column":14}},"14":{"start":{"line":15,"column":0},"end":{"line":15,"column":16}},"15":{"start":{"line":16,"column":0},"end":{"line":16,"column":18}},"16":{"start":{"line":17,"column":0},"end":{"line":17,"column":66}},"17":{"start":{"line":18,"column":0},"end":{"line":18,"column":39}},"18":{"start":{"line":19,"column":0},"end":{"line":19,"column":11}},"19":{"start":{"line":20,"column":0},"end":{"line":20,"column":19}},"20":{"start":{"line":21,"column":0},"end":{"line":21,"column":8}},"21":{"start":{"line":22,"column":0},"end":{"line":22,"column":41}},"22":{"start":{"line":23,"column":0},"end":{"line":23,"column":51}},"23":{"start":{"line":24,"column":0},"end":{"line":24,"column":60}},"24":{"start":{"line":25,"column":0},"end":{"line":25,"column":56}},"25":{"start":{"line":26,"column":0},"end":{"line":26,"column":49}},"26":{"start":{"line":27,"column":0},"end":{"line":27,"column":38}},"27":{"start":{"line":28,"column":0},"end":{"line":28,"column":2}},"28":{"start":{"line":29,"column":0},"end":{"line":29,"column":0}},"29":{"start":{"line":30,"column":0},"end":{"line":30,"column":27}},"30":{"start":{"line":31,"column":0},"end":{"line":31,"column":18}},"31":{"start":{"line":32,"column":0},"end":{"line":32,"column":27}},"32":{"start":{"line":33,"column":0},"end":{"line":33,"column":21}},"33":{"start":{"line":34,"column":0},"end":{"line":34,"column":29}},"34":{"start":{"line":35,"column":0},"end":{"line":35,"column":21}},"35":{"start":{"line":36,"column":0},"end":{"line":36,"column":18}},"36":{"start":{"line":37,"column":0},"end":{"line":37,"column":19}},"37":{"start":{"line":38,"column":0},"end":{"line":38,"column":14}},"38":{"start":{"line":39,"column":0},"end":{"line":39,"column":54}},"39":{"start":{"line":40,"column":0},"end":{"line":40,"column":26}},"40":{"start":{"line":41,"column":0},"end":{"line":41,"column":30}},"41":{"start":{"line":42,"column":0},"end":{"line":42,"column":29}},"42":{"start":{"line":43,"column":0},"end":{"line":43,"column":4}},"43":{"start":{"line":44,"column":0},"end":{"line":44,"column":19}},"44":{"start":{"line":45,"column":0},"end":{"line":45,"column":25}},"45":{"start":{"line":46,"column":0},"end":{"line":46,"column":21}},"46":{"start":{"line":47,"column":0},"end":{"line":47,"column":23}},"47":{"start":{"line":48,"column":0},"end":{"line":48,"column":4}},"48":{"start":{"line":49,"column":0},"end":{"line":49,"column":22}},"49":{"start":{"line":50,"column":0},"end":{"line":50,"column":21}},"50":{"start":{"line":51,"column":0},"end":{"line":51,"column":28}},"51":{"start":{"line":52,"column":0},"end":{"line":52,"column":3}},"52":{"start":{"line":53,"column":0},"end":{"line":53,"column":2}},"53":{"start":{"line":54,"column":0},"end":{"line":54,"column":0}},"54":{"start":{"line":55,"column":0},"end":{"line":55,"column":27}},"55":{"start":{"line":56,"column":0},"end":{"line":56,"column":51}},"56":{"start":{"line":57,"column":0},"end":{"line":57,"column":27}},"57":{"start":{"line":58,"column":0},"end":{"line":58,"column":2}},"58":{"start":{"line":59,"column":0},"end":{"line":59,"column":31}},"59":{"start":{"line":60,"column":0},"end":{"line":60,"column":9}},"60":{"start":{"line":61,"column":0},"end":{"line":61,"column":2}},"61":{"start":{"line":62,"column":0},"end":{"line":62,"column":0}},"62":{"start":{"line":63,"column":0},"end":{"line":63,"column":27}},"63":{"start":{"line":64,"column":0},"end":{"line":64,"column":16}},"64":{"start":{"line":65,"column":0},"end":{"line":65,"column":27}},"65":{"start":{"line":66,"column":0},"end":{"line":66,"column":2}},"66":{"start":{"line":67,"column":0},"end":{"line":67,"column":12}},"67":{"start":{"line":68,"column":0},"end":{"line":68,"column":4}},"68":{"start":{"line":69,"column":0},"end":{"line":69,"column":4}},"69":{"start":{"line":70,"column":0},"end":{"line":70,"column":2}},"70":{"start":{"line":71,"column":0},"end":{"line":71,"column":0}},"71":{"start":{"line":72,"column":0},"end":{"line":72,"column":27}},"72":{"start":{"line":73,"column":0},"end":{"line":73,"column":20}},"73":{"start":{"line":74,"column":0},"end":{"line":74,"column":27}},"74":{"start":{"line":75,"column":0},"end":{"line":75,"column":2}},"75":{"start":{"line":76,"column":0},"end":{"line":76,"column":36}},"76":{"start":{"line":77,"column":0},"end":{"line":77,"column":0}},"77":{"start":{"line":78,"column":0},"end":{"line":78,"column":29}},"78":{"start":{"line":79,"column":0},"end":{"line":79,"column":12}},"79":{"start":{"line":80,"column":0},"end":{"line":80,"column":10}},"80":{"start":{"line":81,"column":0},"end":{"line":81,"column":19}},"81":{"start":{"line":82,"column":0},"end":{"line":82,"column":4}},"82":{"start":{"line":83,"column":0},"end":{"line":83,"column":11}},"83":{"start":{"line":84,"column":0},"end":{"line":84,"column":15}},"84":{"start":{"line":85,"column":0},"end":{"line":85,"column":12}},"85":{"start":{"line":86,"column":0},"end":{"line":86,"column":15}},"86":{"start":{"line":87,"column":0},"end":{"line":87,"column":40}},"87":{"start":{"line":88,"column":0},"end":{"line":88,"column":27}},"88":{"start":{"line":89,"column":0},"end":{"line":89,"column":7}},"89":{"start":{"line":90,"column":0},"end":{"line":90,"column":5}},"90":{"start":{"line":91,"column":0},"end":{"line":91,"column":3}},"91":{"start":{"line":92,"column":0},"end":{"line":92,"column":3}},"92":{"start":{"line":93,"column":0},"end":{"line":93,"column":2}},"93":{"start":{"line":94,"column":0},"end":{"line":94,"column":0}},"94":{"start":{"line":95,"column":0},"end":{"line":95,"column":27}},"95":{"start":{"line":96,"column":0},"end":{"line":96,"column":66}},"96":{"start":{"line":97,"column":0},"end":{"line":97,"column":27}},"97":{"start":{"line":98,"column":0},"end":{"line":98,"column":2}},"98":{"start":{"line":99,"column":0},"end":{"line":99,"column":30}},"99":{"start":{"line":100,"column":0},"end":{"line":100,"column":24}},"100":{"start":{"line":101,"column":0},"end":{"line":101,"column":28}},"101":{"start":{"line":102,"column":0},"end":{"line":102,"column":36}},"102":{"start":{"line":103,"column":0},"end":{"line":103,"column":37}},"103":{"start":{"line":104,"column":0},"end":{"line":104,"column":0}},"104":{"start":{"line":105,"column":0},"end":{"line":105,"column":16}},"105":{"start":{"line":106,"column":0},"end":{"line":106,"column":0}},"106":{"start":{"line":107,"column":0},"end":{"line":107,"column":50}},"107":{"start":{"line":108,"column":0},"end":{"line":108,"column":38}},"108":{"start":{"line":109,"column":0},"end":{"line":109,"column":22}},"109":{"start":{"line":110,"column":0},"end":{"line":110,"column":38}},"110":{"start":{"line":111,"column":0},"end":{"line":111,"column":0}},"111":{"start":{"line":112,"column":0},"end":{"line":112,"column":16}},"112":{"start":{"line":113,"column":0},"end":{"line":113,"column":24}},"113":{"start":{"line":114,"column":0},"end":{"line":114,"column":0}},"114":{"start":{"line":115,"column":0},"end":{"line":115,"column":37}},"115":{"start":{"line":116,"column":0},"end":{"line":116,"column":49}},"116":{"start":{"line":117,"column":0},"end":{"line":117,"column":0}},"117":{"start":{"line":118,"column":0},"end":{"line":118,"column":35}},"118":{"start":{"line":119,"column":0},"end":{"line":119,"column":43}},"119":{"start":{"line":120,"column":0},"end":{"line":120,"column":7}},"120":{"start":{"line":121,"column":0},"end":{"line":121,"column":42}},"121":{"start":{"line":122,"column":0},"end":{"line":122,"column":0}},"122":{"start":{"line":123,"column":0},"end":{"line":123,"column":80}},"123":{"start":{"line":124,"column":0},"end":{"line":124,"column":21}},"124":{"start":{"line":125,"column":0},"end":{"line":125,"column":16}},"125":{"start":{"line":126,"column":0},"end":{"line":126,"column":43}},"126":{"start":{"line":127,"column":0},"end":{"line":127,"column":64}},"127":{"start":{"line":128,"column":0},"end":{"line":128,"column":8}},"128":{"start":{"line":129,"column":0},"end":{"line":129,"column":28}},"129":{"start":{"line":130,"column":0},"end":{"line":130,"column":29}},"130":{"start":{"line":131,"column":0},"end":{"line":131,"column":17}},"131":{"start":{"line":132,"column":0},"end":{"line":132,"column":24}},"132":{"start":{"line":133,"column":0},"end":{"line":133,"column":25}},"133":{"start":{"line":134,"column":0},"end":{"line":134,"column":9}},"134":{"start":{"line":135,"column":0},"end":{"line":135,"column":7}},"135":{"start":{"line":136,"column":0},"end":{"line":136,"column":0}},"136":{"start":{"line":137,"column":0},"end":{"line":137,"column":39}},"137":{"start":{"line":138,"column":0},"end":{"line":138,"column":0}},"138":{"start":{"line":139,"column":0},"end":{"line":139,"column":21}},"139":{"start":{"line":140,"column":0},"end":{"line":140,"column":65}},"140":{"start":{"line":141,"column":0},"end":{"line":141,"column":5}},"141":{"start":{"line":142,"column":0},"end":{"line":142,"column":0}},"142":{"start":{"line":143,"column":0},"end":{"line":143,"column":57}},"143":{"start":{"line":144,"column":0},"end":{"line":144,"column":17}},"144":{"start":{"line":145,"column":0},"end":{"line":145,"column":46}},"145":{"start":{"line":146,"column":0},"end":{"line":146,"column":67}},"146":{"start":{"line":147,"column":0},"end":{"line":147,"column":3}},"147":{"start":{"line":148,"column":0},"end":{"line":148,"column":3}},"148":{"start":{"line":149,"column":0},"end":{"line":149,"column":0}},"149":{"start":{"line":150,"column":0},"end":{"line":150,"column":70}},"150":{"start":{"line":151,"column":0},"end":{"line":151,"column":47}},"151":{"start":{"line":152,"column":0},"end":{"line":152,"column":7}},"152":{"start":{"line":153,"column":0},"end":{"line":153,"column":52}},"153":{"start":{"line":154,"column":0},"end":{"line":154,"column":0}},"154":{"start":{"line":155,"column":0},"end":{"line":155,"column":80}},"155":{"start":{"line":156,"column":0},"end":{"line":156,"column":21}},"156":{"start":{"line":157,"column":0},"end":{"line":157,"column":16}},"157":{"start":{"line":158,"column":0},"end":{"line":158,"column":43}},"158":{"start":{"line":159,"column":0},"end":{"line":159,"column":64}},"159":{"start":{"line":160,"column":0},"end":{"line":160,"column":8}},"160":{"start":{"line":161,"column":0},"end":{"line":161,"column":28}},"161":{"start":{"line":162,"column":0},"end":{"line":162,"column":29}},"162":{"start":{"line":163,"column":0},"end":{"line":163,"column":19}},"163":{"start":{"line":164,"column":0},"end":{"line":164,"column":11}},"164":{"start":{"line":165,"column":0},"end":{"line":165,"column":27}},"165":{"start":{"line":166,"column":0},"end":{"line":166,"column":119}},"166":{"start":{"line":167,"column":0},"end":{"line":167,"column":0}},"167":{"start":{"line":168,"column":0},"end":{"line":168,"column":49}},"168":{"start":{"line":169,"column":0},"end":{"line":169,"column":79}},"169":{"start":{"line":170,"column":0},"end":{"line":170,"column":59}},"170":{"start":{"line":171,"column":0},"end":{"line":171,"column":0}},"171":{"start":{"line":172,"column":0},"end":{"line":172,"column":76}},"172":{"start":{"line":173,"column":0},"end":{"line":173,"column":83}},"173":{"start":{"line":174,"column":0},"end":{"line":174,"column":0}},"174":{"start":{"line":175,"column":0},"end":{"line":175,"column":33}},"175":{"start":{"line":176,"column":0},"end":{"line":176,"column":1}},"176":{"start":{"line":177,"column":0},"end":{"line":177,"column":24}},"177":{"start":{"line":178,"column":0},"end":{"line":178,"column":66}},"178":{"start":{"line":179,"column":0},"end":{"line":179,"column":2}},"179":{"start":{"line":180,"column":0},"end":{"line":180,"column":12}},"180":{"start":{"line":181,"column":0},"end":{"line":181,"column":11}},"181":{"start":{"line":182,"column":0},"end":{"line":182,"column":25}},"182":{"start":{"line":183,"column":0},"end":{"line":183,"column":52}},"183":{"start":{"line":184,"column":0},"end":{"line":184,"column":11}},"184":{"start":{"line":185,"column":0},"end":{"line":185,"column":10}},"185":{"start":{"line":186,"column":0},"end":{"line":186,"column":24}},"186":{"start":{"line":187,"column":0},"end":{"line":187,"column":25}},"187":{"start":{"line":188,"column":0},"end":{"line":188,"column":9}},"188":{"start":{"line":189,"column":0},"end":{"line":189,"column":7}},"189":{"start":{"line":190,"column":0},"end":{"line":190,"column":0}},"190":{"start":{"line":191,"column":0},"end":{"line":191,"column":39}},"191":{"start":{"line":192,"column":0},"end":{"line":192,"column":49}},"192":{"start":{"line":193,"column":0},"end":{"line":193,"column":0}},"193":{"start":{"line":194,"column":0},"end":{"line":194,"column":30}},"194":{"start":{"line":195,"column":0},"end":{"line":195,"column":60}},"195":{"start":{"line":196,"column":0},"end":{"line":196,"column":39}},"196":{"start":{"line":197,"column":0},"end":{"line":197,"column":21}},"197":{"start":{"line":198,"column":0},"end":{"line":198,"column":17}},"198":{"start":{"line":199,"column":0},"end":{"line":199,"column":44}},"199":{"start":{"line":200,"column":0},"end":{"line":200,"column":66}},"200":{"start":{"line":201,"column":0},"end":{"line":201,"column":3}},"201":{"start":{"line":202,"column":0},"end":{"line":202,"column":3}},"202":{"start":{"line":203,"column":0},"end":{"line":203,"column":0}},"203":{"start":{"line":204,"column":0},"end":{"line":204,"column":42}},"204":{"start":{"line":205,"column":0},"end":{"line":205,"column":28}},"205":{"start":{"line":206,"column":0},"end":{"line":206,"column":54}},"206":{"start":{"line":207,"column":0},"end":{"line":207,"column":3}},"207":{"start":{"line":208,"column":0},"end":{"line":208,"column":0}},"208":{"start":{"line":209,"column":0},"end":{"line":209,"column":24}},"209":{"start":{"line":210,"column":0},"end":{"line":210,"column":60}},"210":{"start":{"line":211,"column":0},"end":{"line":211,"column":3}},"211":{"start":{"line":212,"column":0},"end":{"line":212,"column":2}},"212":{"start":{"line":213,"column":0},"end":{"line":213,"column":0}},"213":{"start":{"line":214,"column":0},"end":{"line":214,"column":27}},"214":{"start":{"line":215,"column":0},"end":{"line":215,"column":52}},"215":{"start":{"line":216,"column":0},"end":{"line":216,"column":27}},"216":{"start":{"line":217,"column":0},"end":{"line":217,"column":2}},"217":{"start":{"line":218,"column":0},"end":{"line":218,"column":24}},"218":{"start":{"line":219,"column":0},"end":{"line":219,"column":3}},"219":{"start":{"line":220,"column":0},"end":{"line":220,"column":18}},"220":{"start":{"line":221,"column":0},"end":{"line":221,"column":20}},"221":{"start":{"line":222,"column":0},"end":{"line":222,"column":16}},"222":{"start":{"line":223,"column":0},"end":{"line":223,"column":21}},"223":{"start":{"line":224,"column":0},"end":{"line":224,"column":25}},"224":{"start":{"line":225,"column":0},"end":{"line":225,"column":83}},"225":{"start":{"line":226,"column":0},"end":{"line":226,"column":145}},"226":{"start":{"line":227,"column":0},"end":{"line":227,"column":17}},"227":{"start":{"line":228,"column":0},"end":{"line":228,"column":95}},"228":{"start":{"line":229,"column":0},"end":{"line":229,"column":110}},"229":{"start":{"line":230,"column":0},"end":{"line":230,"column":82}},"230":{"start":{"line":231,"column":0},"end":{"line":231,"column":168}},"231":{"start":{"line":232,"column":0},"end":{"line":232,"column":20}},"232":{"start":{"line":233,"column":0},"end":{"line":233,"column":44}},"233":{"start":{"line":234,"column":0},"end":{"line":234,"column":5}},"234":{"start":{"line":235,"column":0},"end":{"line":235,"column":4}},"235":{"start":{"line":236,"column":0},"end":{"line":236,"column":3}},"236":{"start":{"line":237,"column":0},"end":{"line":237,"column":16}},"237":{"start":{"line":238,"column":0},"end":{"line":238,"column":18}},"238":{"start":{"line":239,"column":0},"end":{"line":239,"column":16}},"239":{"start":{"line":240,"column":0},"end":{"line":240,"column":21}},"240":{"start":{"line":241,"column":0},"end":{"line":241,"column":25}},"241":{"start":{"line":242,"column":0},"end":{"line":242,"column":92}},"242":{"start":{"line":243,"column":0},"end":{"line":243,"column":169}},"243":{"start":{"line":244,"column":0},"end":{"line":244,"column":17}},"244":{"start":{"line":245,"column":0},"end":{"line":245,"column":95}},"245":{"start":{"line":246,"column":0},"end":{"line":246,"column":119}},"246":{"start":{"line":247,"column":0},"end":{"line":247,"column":106}},"247":{"start":{"line":248,"column":0},"end":{"line":248,"column":196}},"248":{"start":{"line":249,"column":0},"end":{"line":249,"column":20}},"249":{"start":{"line":250,"column":0},"end":{"line":250,"column":58}},"250":{"start":{"line":251,"column":0},"end":{"line":251,"column":5}},"251":{"start":{"line":252,"column":0},"end":{"line":252,"column":4}},"252":{"start":{"line":253,"column":0},"end":{"line":253,"column":3}},"253":{"start":{"line":254,"column":0},"end":{"line":254,"column":16}},"254":{"start":{"line":255,"column":0},"end":{"line":255,"column":18}},"255":{"start":{"line":256,"column":0},"end":{"line":256,"column":16}},"256":{"start":{"line":257,"column":0},"end":{"line":257,"column":21}},"257":{"start":{"line":258,"column":0},"end":{"line":258,"column":25}},"258":{"start":{"line":259,"column":0},"end":{"line":259,"column":72}},"259":{"start":{"line":260,"column":0},"end":{"line":260,"column":168}},"260":{"start":{"line":261,"column":0},"end":{"line":261,"column":17}},"261":{"start":{"line":262,"column":0},"end":{"line":262,"column":107}},"262":{"start":{"line":263,"column":0},"end":{"line":263,"column":152}},"263":{"start":{"line":264,"column":0},"end":{"line":264,"column":113}},"264":{"start":{"line":265,"column":0},"end":{"line":265,"column":187}},"265":{"start":{"line":266,"column":0},"end":{"line":266,"column":20}},"266":{"start":{"line":267,"column":0},"end":{"line":267,"column":45}},"267":{"start":{"line":268,"column":0},"end":{"line":268,"column":5}},"268":{"start":{"line":269,"column":0},"end":{"line":269,"column":4}},"269":{"start":{"line":270,"column":0},"end":{"line":270,"column":3}},"270":{"start":{"line":271,"column":0},"end":{"line":271,"column":15}},"271":{"start":{"line":272,"column":0},"end":{"line":272,"column":17}},"272":{"start":{"line":273,"column":0},"end":{"line":273,"column":16}},"273":{"start":{"line":274,"column":0},"end":{"line":274,"column":21}},"274":{"start":{"line":275,"column":0},"end":{"line":275,"column":25}},"275":{"start":{"line":276,"column":0},"end":{"line":276,"column":99}},"276":{"start":{"line":277,"column":0},"end":{"line":277,"column":190}},"277":{"start":{"line":278,"column":0},"end":{"line":278,"column":17}},"278":{"start":{"line":279,"column":0},"end":{"line":279,"column":100}},"279":{"start":{"line":280,"column":0},"end":{"line":280,"column":140}},"280":{"start":{"line":281,"column":0},"end":{"line":281,"column":121}},"281":{"start":{"line":282,"column":0},"end":{"line":282,"column":285}},"282":{"start":{"line":283,"column":0},"end":{"line":283,"column":20}},"283":{"start":{"line":284,"column":0},"end":{"line":284,"column":48}},"284":{"start":{"line":285,"column":0},"end":{"line":285,"column":5}},"285":{"start":{"line":286,"column":0},"end":{"line":286,"column":4}},"286":{"start":{"line":287,"column":0},"end":{"line":287,"column":3}},"287":{"start":{"line":288,"column":0},"end":{"line":288,"column":18}},"288":{"start":{"line":289,"column":0},"end":{"line":289,"column":20}},"289":{"start":{"line":290,"column":0},"end":{"line":290,"column":16}},"290":{"start":{"line":291,"column":0},"end":{"line":291,"column":21}},"291":{"start":{"line":292,"column":0},"end":{"line":292,"column":25}},"292":{"start":{"line":293,"column":0},"end":{"line":293,"column":74}},"293":{"start":{"line":294,"column":0},"end":{"line":294,"column":192}},"294":{"start":{"line":295,"column":0},"end":{"line":295,"column":17}},"295":{"start":{"line":296,"column":0},"end":{"line":296,"column":105}},"296":{"start":{"line":297,"column":0},"end":{"line":297,"column":169}},"297":{"start":{"line":298,"column":0},"end":{"line":298,"column":143}},"298":{"start":{"line":299,"column":0},"end":{"line":299,"column":280}},"299":{"start":{"line":300,"column":0},"end":{"line":300,"column":20}},"300":{"start":{"line":301,"column":0},"end":{"line":301,"column":55}},"301":{"start":{"line":302,"column":0},"end":{"line":302,"column":5}},"302":{"start":{"line":303,"column":0},"end":{"line":303,"column":4}},"303":{"start":{"line":304,"column":0},"end":{"line":304,"column":3}},"304":{"start":{"line":305,"column":0},"end":{"line":305,"column":17}},"305":{"start":{"line":306,"column":0},"end":{"line":306,"column":19}},"306":{"start":{"line":307,"column":0},"end":{"line":307,"column":16}},"307":{"start":{"line":308,"column":0},"end":{"line":308,"column":21}},"308":{"start":{"line":309,"column":0},"end":{"line":309,"column":25}},"309":{"start":{"line":310,"column":0},"end":{"line":310,"column":68}},"310":{"start":{"line":311,"column":0},"end":{"line":311,"column":174}},"311":{"start":{"line":312,"column":0},"end":{"line":312,"column":17}},"312":{"start":{"line":313,"column":0},"end":{"line":313,"column":101}},"313":{"start":{"line":314,"column":0},"end":{"line":314,"column":159}},"314":{"start":{"line":315,"column":0},"end":{"line":315,"column":120}},"315":{"start":{"line":316,"column":0},"end":{"line":316,"column":293}},"316":{"start":{"line":317,"column":0},"end":{"line":317,"column":20}},"317":{"start":{"line":318,"column":0},"end":{"line":318,"column":50}},"318":{"start":{"line":319,"column":0},"end":{"line":319,"column":5}},"319":{"start":{"line":320,"column":0},"end":{"line":320,"column":4}},"320":{"start":{"line":321,"column":0},"end":{"line":321,"column":3}},"321":{"start":{"line":322,"column":0},"end":{"line":322,"column":17}},"322":{"start":{"line":323,"column":0},"end":{"line":323,"column":19}},"323":{"start":{"line":324,"column":0},"end":{"line":324,"column":16}},"324":{"start":{"line":325,"column":0},"end":{"line":325,"column":21}},"325":{"start":{"line":326,"column":0},"end":{"line":326,"column":25}},"326":{"start":{"line":327,"column":0},"end":{"line":327,"column":65}},"327":{"start":{"line":328,"column":0},"end":{"line":328,"column":179}},"328":{"start":{"line":329,"column":0},"end":{"line":329,"column":17}},"329":{"start":{"line":330,"column":0},"end":{"line":330,"column":88}},"330":{"start":{"line":331,"column":0},"end":{"line":331,"column":173}},"331":{"start":{"line":332,"column":0},"end":{"line":332,"column":105}},"332":{"start":{"line":333,"column":0},"end":{"line":333,"column":283}},"333":{"start":{"line":334,"column":0},"end":{"line":334,"column":20}},"334":{"start":{"line":335,"column":0},"end":{"line":335,"column":57}},"335":{"start":{"line":336,"column":0},"end":{"line":336,"column":5}},"336":{"start":{"line":337,"column":0},"end":{"line":337,"column":4}},"337":{"start":{"line":338,"column":0},"end":{"line":338,"column":3}},"338":{"start":{"line":339,"column":0},"end":{"line":339,"column":18}},"339":{"start":{"line":340,"column":0},"end":{"line":340,"column":20}},"340":{"start":{"line":341,"column":0},"end":{"line":341,"column":16}},"341":{"start":{"line":342,"column":0},"end":{"line":342,"column":21}},"342":{"start":{"line":343,"column":0},"end":{"line":343,"column":25}},"343":{"start":{"line":344,"column":0},"end":{"line":344,"column":64}},"344":{"start":{"line":345,"column":0},"end":{"line":345,"column":206}},"345":{"start":{"line":346,"column":0},"end":{"line":346,"column":17}},"346":{"start":{"line":347,"column":0},"end":{"line":347,"column":139}},"347":{"start":{"line":348,"column":0},"end":{"line":348,"column":151}},"348":{"start":{"line":349,"column":0},"end":{"line":349,"column":131}},"349":{"start":{"line":350,"column":0},"end":{"line":350,"column":338}},"350":{"start":{"line":351,"column":0},"end":{"line":351,"column":20}},"351":{"start":{"line":352,"column":0},"end":{"line":352,"column":51}},"352":{"start":{"line":353,"column":0},"end":{"line":353,"column":5}},"353":{"start":{"line":354,"column":0},"end":{"line":354,"column":3}},"354":{"start":{"line":355,"column":0},"end":{"line":355,"column":2}},"355":{"start":{"line":356,"column":0},"end":{"line":356,"column":2}},"356":{"start":{"line":357,"column":0},"end":{"line":357,"column":0}},"357":{"start":{"line":358,"column":0},"end":{"line":358,"column":27}},"358":{"start":{"line":359,"column":0},"end":{"line":359,"column":32}},"359":{"start":{"line":360,"column":0},"end":{"line":360,"column":27}},"360":{"start":{"line":361,"column":0},"end":{"line":361,"column":2}},"361":{"start":{"line":362,"column":0},"end":{"line":362,"column":11}},"362":{"start":{"line":363,"column":0},"end":{"line":363,"column":44}},"363":{"start":{"line":364,"column":0},"end":{"line":364,"column":61}},"364":{"start":{"line":365,"column":0},"end":{"line":365,"column":45}},"365":{"start":{"line":366,"column":0},"end":{"line":366,"column":44}},"366":{"start":{"line":367,"column":0},"end":{"line":367,"column":37}},"367":{"start":{"line":368,"column":0},"end":{"line":368,"column":34}},"368":{"start":{"line":369,"column":0},"end":{"line":369,"column":65}},"369":{"start":{"line":370,"column":0},"end":{"line":370,"column":0}},"370":{"start":{"line":371,"column":0},"end":{"line":371,"column":3}},"371":{"start":{"line":372,"column":0},"end":{"line":372,"column":85}},"372":{"start":{"line":373,"column":0},"end":{"line":373,"column":85}},"373":{"start":{"line":374,"column":0},"end":{"line":374,"column":89}},"374":{"start":{"line":375,"column":0},"end":{"line":375,"column":52}},"375":{"start":{"line":376,"column":0},"end":{"line":376,"column":46}},"376":{"start":{"line":377,"column":0},"end":{"line":377,"column":0}},"377":{"start":{"line":378,"column":0},"end":{"line":378,"column":11}},"378":{"start":{"line":379,"column":0},"end":{"line":379,"column":48}},"379":{"start":{"line":380,"column":0},"end":{"line":380,"column":46}},"380":{"start":{"line":381,"column":0},"end":{"line":381,"column":56}},"381":{"start":{"line":382,"column":0},"end":{"line":382,"column":54}},"382":{"start":{"line":383,"column":0},"end":{"line":383,"column":2}},"383":{"start":{"line":384,"column":0},"end":{"line":384,"column":0}},"384":{"start":{"line":385,"column":0},"end":{"line":385,"column":69}}},"s":{"0":0,"1":0,"2":0,"3":0,"4":0,"5":0,"6":0,"7":0,"8":0,"9":0,"10":0,"11":0,"12":0,"13":0,"14":0,"15":0,"16":0,"17":0,"18":0,"19":0,"20":0,"21":0,"22":0,"23":0,"24":0,"25":0,"26":0,"27":0,"28":0,"29":0,"30":0,"31":0,"32":0,"33":0,"34":0,"35":0,"36":0,"37":0,"38":0,"39":0,"40":0,"41":0,"42":0,"43":0,"44":0,"45":0,"46":0,"47":0,"48":0,"49":0,"50":0,"51":0,"52":0,"53":0,"54":0,"55":0,"56":0,"57":0,"58":0,"59":0,"60":0,"61":0,"62":0,"63":0,"64":0,"65":0,"66":0,"67":0,"68":0,"69":0,"70":0,"71":0,"72":0,"73":0,"74":0,"75":0,"76":0,"77":0,"78":0,"79":0,"80":0,"81":0,"82":0,"83":0,"84":0,"85":0,"86":0,"87":0,"88":0,"89":0,"90":0,"91":0,"92":0,"93":0,"94":0,"95":0,"96":0,"97":0,"98":0,"99":0,"100":0,"101":0,"102":0,"103":0,"104":0,"105":0,"106":0,"107":0,"108":0,"109":0,"110":0,"111":0,"112":0,"113":0,"114":0,"115":0,"116":0,"117":0,"118":0,"119":0,"120":0,"121":0,"122":0,"123":0,"124":0,"125":0,"126":0,"127":0,"128":0,"129":0,"130":0,"131":0,"132":0,"133":0,"134":0,"135":0,"136":0,"137":0,"138":0,"139":0,"140":0,"141":0,"142":0,"143":0,"144":0,"145":0,"146":0,"147":0,"148":0,"149":0,"150":0,"151":0,"152":0,"153":0,"154":0,"155":0,"156":0,"157":0,"158":0,"159":0,"160":0,"161":0,"162":0,"163":0,"164":0,"165":0,"166":0,"167":0,"168":0,"169":0,"170":0,"171":0,"172":0,"173":0,"174":0,"175":0,"176":0,"177":0,"178":0,"179":0,"180":0,"181":0,"182":0,"183":0,"184":0,"185":0,"186":0,"187":0,"188":0,"189":0,"190":0,"191":0,"192":0,"193":0,"194":0,"195":0,"196":0,"197":0,"198":0,"199":0,"200":0,"201":0,"202":0,"203":0,"204":0,"205":0,"206":0,"207":0,"208":0,"209":0,"210":0,"211":0,"212":0,"213":0,"214":0,"215":0,"216":0,"217":0,"218":0,"219":0,"220":0,"221":0,"222":0,"223":0,"224":0,"225":0,"226":0,"227":0,"228":0,"229":0,"230":0,"231":0,"232":0,"233":0,"234":0,"235":0,"236":0,"237":0,"238":0,"239":0,"240":0,"241":0,"242":0,"243":0,"244":0,"245":0,"246":0,"247":0,"248":0,"249":0,"250":0,"251":0,"252":0,"253":0,"254":0,"255":0,"256":0,"257":0,"258":0,"259":0,"260":0,"261":0,"262":0,"263":0,"264":0,"265":0,"266":0,"267":0,"268":0,"269":0,"270":0,"271":0,"272":0,"273":0,"274":0,"275":0,"276":0,"277":0,"278":0,"279":0,"280":0,"281":0,"282":0,"283":0,"284":0,"285":0,"286":0,"287":0,"288":0,"289":0,"290":0,"291":0,"292":0,"293":0,"294":0,"295":0,"296":0,"297":0,"298":0,"299":0,"300":0,"301":0,"302":0,"303":0,"304":0,"305":0,"306":0,"307":0,"308":0,"309":0,"310":0,"311":0,"312":0,"313":0,"314":0,"315":0,"316":0,"317":0,"318":0,"319":0,"320":0,"321":0,"322":0,"323":0,"324":0,"325":0,"326":0,"327":0,"328":0,"329":0,"330":0,"331":0,"332":0,"333":0,"334":0,"335":0,"336":0,"337":0,"338":0,"339":0,"340":0,"341":0,"342":0,"343":0,"344":0,"345":0,"346":0,"347":0,"348":0,"349":0,"350":0,"351":0,"352":0,"353":0,"354":0,"355":0,"356":0,"357":0,"358":0,"359":0,"360":0,"361":0,"362":0,"363":0,"364":0,"365":0,"366":0,"367":0,"368":0,"369":0,"370":0,"371":0,"372":0,"373":0,"374":0,"375":0,"376":0,"377":0,"378":0,"379":0,"380":0,"381":0,"382":0,"383":0,"384":0},"branchMap":{"0":{"type":"branch","line":1,"loc":{"start":{"line":1,"column":15461},"end":{"line":385,"column":69}},"locations":[{"start":{"line":1,"column":15461},"end":{"line":385,"column":69}}]}},"b":{"0":[0]},"fnMap":{"0":{"name":"(empty-report)","decl":{"start":{"line":1,"column":15461},"end":{"line":385,"column":69}},"loc":{"start":{"line":1,"column":15461},"end":{"line":385,"column":69}},"line":1}},"f":{"0":0}}
,"/mnt/c/Users/djein/OneDrive/Documents/Senior-Classes/CSE-120/Project_Prototypes/Stellar-Odyssey/src/chat.js": {"path":"/mnt/c/Users/djein/OneDrive/Documents/Senior-Classes/CSE-120/Project_Prototypes/Stellar-Odyssey/src/chat.js","all":false,"statementMap":{"0":{"start":{"line":1,"column":0},"end":{"line":1,"column":24}},"1":{"start":{"line":2,"column":0},"end":{"line":2,"column":0}},"2":{"start":{"line":3,"column":0},"end":{"line":3,"column":64}},"3":{"start":{"line":4,"column":0},"end":{"line":4,"column":46}},"4":{"start":{"line":5,"column":0},"end":{"line":5,"column":7}},"5":{"start":{"line":6,"column":0},"end":{"line":6,"column":54}},"6":{"start":{"line":7,"column":0},"end":{"line":7,"column":21}},"7":{"start":{"line":8,"column":0},"end":{"line":8,"column":54}},"8":{"start":{"line":9,"column":0},"end":{"line":9,"column":41}},"9":{"start":{"line":10,"column":0},"end":{"line":10,"column":7}},"10":{"start":{"line":11,"column":0},"end":{"line":11,"column":0}},"11":{"start":{"line":12,"column":0},"end":{"line":12,"column":23}},"12":{"start":{"line":13,"column":0},"end":{"line":13,"column":58}},"13":{"start":{"line":14,"column":0},"end":{"line":14,"column":71}},"14":{"start":{"line":15,"column":0},"end":{"line":15,"column":5}},"15":{"start":{"line":16,"column":0},"end":{"line":16,"column":0}},"16":{"start":{"line":17,"column":0},"end":{"line":17,"column":39}},"17":{"start":{"line":18,"column":0},"end":{"line":18,"column":48}},"18":{"start":{"line":19,"column":0},"end":{"line":19,"column":17}},"19":{"start":{"line":20,"column":0},"end":{"line":20,"column":42}},"20":{"start":{"line":21,"column":0},"end":{"line":21,"column":12}},"21":{"start":{"line":22,"column":0},"end":{"line":22,"column":21}},"22":{"start":{"line":23,"column":0},"end":{"line":23,"column":98}},"23":{"start":{"line":24,"column":0},"end":{"line":24,"column":25}},"24":{"start":{"line":25,"column":0},"end":{"line":25,"column":6}},"25":{"start":{"line":26,"column":0},"end":{"line":26,"column":3}},"26":{"start":{"line":27,"column":0},"end":{"line":27,"column":1}},"27":{"start":{"line":28,"column":0},"end":{"line":28,"column":0}},"28":{"start":{"line":29,"column":0},"end":{"line":29,"column":49}},"29":{"start":{"line":30,"column":0},"end":{"line":30,"column":54}},"30":{"start":{"line":31,"column":0},"end":{"line":31,"column":7}},"31":{"start":{"line":32,"column":0},"end":{"line":32,"column":58}},"32":{"start":{"line":33,"column":0},"end":{"line":33,"column":21}},"33":{"start":{"line":34,"column":0},"end":{"line":34,"column":54}},"34":{"start":{"line":35,"column":0},"end":{"line":35,"column":28}},"35":{"start":{"line":36,"column":0},"end":{"line":36,"column":15}},"36":{"start":{"line":37,"column":0},"end":{"line":37,"column":53}},"37":{"start":{"line":38,"column":0},"end":{"line":38,"column":21}},"38":{"start":{"line":39,"column":0},"end":{"line":39,"column":47}},"39":{"start":{"line":40,"column":0},"end":{"line":40,"column":53}},"40":{"start":{"line":41,"column":0},"end":{"line":41,"column":63}},"41":{"start":{"line":42,"column":0},"end":{"line":42,"column":10}},"42":{"start":{"line":43,"column":0},"end":{"line":43,"column":9}},"43":{"start":{"line":44,"column":0},"end":{"line":44,"column":7}},"44":{"start":{"line":45,"column":0},"end":{"line":45,"column":0}},"45":{"start":{"line":46,"column":0},"end":{"line":46,"column":23}},"46":{"start":{"line":47,"column":0},"end":{"line":47,"column":58}},"47":{"start":{"line":48,"column":0},"end":{"line":48,"column":71}},"48":{"start":{"line":49,"column":0},"end":{"line":49,"column":5}},"49":{"start":{"line":50,"column":0},"end":{"line":50,"column":0}},"50":{"start":{"line":51,"column":0},"end":{"line":51,"column":39}},"51":{"start":{"line":52,"column":0},"end":{"line":52,"column":0}},"52":{"start":{"line":53,"column":0},"end":{"line":53,"column":12}},"53":{"start":{"line":54,"column":0},"end":{"line":54,"column":20}},"54":{"start":{"line":55,"column":0},"end":{"line":55,"column":28}},"55":{"start":{"line":56,"column":0},"end":{"line":56,"column":30}},"56":{"start":{"line":57,"column":0},"end":{"line":57,"column":6}},"57":{"start":{"line":58,"column":0},"end":{"line":58,"column":17}},"58":{"start":{"line":59,"column":0},"end":{"line":59,"column":46}},"59":{"start":{"line":60,"column":0},"end":{"line":60,"column":12}},"60":{"start":{"line":61,"column":0},"end":{"line":61,"column":21}},"61":{"start":{"line":62,"column":0},"end":{"line":62,"column":21}},"62":{"start":{"line":63,"column":0},"end":{"line":63,"column":115}},"63":{"start":{"line":64,"column":0},"end":{"line":64,"column":25}},"64":{"start":{"line":65,"column":0},"end":{"line":65,"column":6}},"65":{"start":{"line":66,"column":0},"end":{"line":66,"column":3}},"66":{"start":{"line":67,"column":0},"end":{"line":67,"column":1}}},"s":{"0":1,"1":1,"2":1,"3":1,"4":5,"5":5,"6":5,"7":5,"8":5,"9":5,"10":4,"11":5,"12":1,"13":1,"14":1,"15":3,"16":3,"17":3,"18":5,"19":2,"20":2,"21":2,"22":2,"23":2,"24":2,"25":2,"26":5,"27":1,"28":1,"29":1,"30":4,"31":4,"32":4,"33":4,"34":4,"35":4,"36":4,"37":4,"38":4,"39":4,"40":4,"41":4,"42":4,"43":4,"44":3,"45":4,"46":1,"47":1,"48":1,"49":2,"50":2,"51":2,"52":2,"53":2,"54":2,"55":2,"56":2,"57":2,"58":2,"59":2,"60":2,"61":2,"62":2,"63":2,"64":2,"65":2,"66":4},"branchMap":{"0":{"type":"branch","line":4,"loc":{"start":{"line":4,"column":7},"end":{"line":27,"column":1}},"locations":[{"start":{"line":4,"column":7},"end":{"line":27,"column":1}}]},"1":{"type":"branch","line":11,"loc":{"start":{"line":11,"column":-2},"end":{"line":12,"column":22}},"locations":[{"start":{"line":11,"column":-2},"end":{"line":12,"column":22}}]},"2":{"type":"branch","line":12,"loc":{"start":{"line":12,"column":22},"end":{"line":15,"column":5}},"locations":[{"start":{"line":12,"column":22},"end":{"line":15,"column":5}}]},"3":{"type":"branch","line":14,"loc":{"start":{"line":14,"column":32},"end":{"line":14,"column":69}},"locations":[{"start":{"line":14,"column":32},"end":{"line":14,"column":69}}]},"4":{"type":"branch","line":16,"loc":{"start":{"line":16,"column":-2},"end":{"line":19,"column":4}},"locations":[{"start":{"line":16,"column":-2},"end":{"line":19,"column":4}}]},"5":{"type":"branch","line":19,"loc":{"start":{"line":19,"column":4},"end":{"line":26,"column":3}},"locations":[{"start":{"line":19,"column":4},"end":{"line":26,"column":3}}]},"6":{"type":"branch","line":30,"loc":{"start":{"line":30,"column":7},"end":{"line":67,"column":1}},"locations":[{"start":{"line":30,"column":7},"end":{"line":67,"column":1}}]},"7":{"type":"branch","line":45,"loc":{"start":{"line":45,"column":-2},"end":{"line":46,"column":22}},"locations":[{"start":{"line":45,"column":-2},"end":{"line":46,"column":22}}]},"8":{"type":"branch","line":46,"loc":{"start":{"line":46,"column":22},"end":{"line":49,"column":5}},"locations":[{"start":{"line":46,"column":22},"end":{"line":49,"column":5}}]},"9":{"type":"branch","line":50,"loc":{"start":{"line":50,"column":-2},"end":{"line":66,"column":3}},"locations":[{"start":{"line":50,"column":-2},"end":{"line":66,"column":3}}]}},"b":{"0":[5],"1":[4],"2":[1],"3":[0],"4":[3],"5":[2],"6":[4],"7":[3],"8":[1],"9":[2]},"fnMap":{"0":{"name":"sendQuestion","decl":{"start":{"line":4,"column":7},"end":{"line":27,"column":1}},"loc":{"start":{"line":4,"column":7},"end":{"line":27,"column":1}},"line":4},"1":{"name":"evaluateAnswer","decl":{"start":{"line":30,"column":7},"end":{"line":67,"column":1}},"loc":{"start":{"line":30,"column":7},"end":{"line":67,"column":1}},"line":30}},"f":{"0":5,"1":4}}
,"/mnt/c/Users/djein/OneDrive/Documents/Senior-Classes/CSE-120/Project_Prototypes/Stellar-Odyssey/src/game.js": {"path":"/mnt/c/Users/djein/OneDrive/Documents/Senior-Classes/CSE-120/Project_Prototypes/Stellar-Odyssey/src/game.js","all":false,"statementMap":{"0":{"start":{"line":1,"column":0},"end":{"line":1,"column":63}},"1":{"start":{"line":2,"column":0},"end":{"line":2,"column":48}},"2":{"start":{"line":3,"column":0},"end":{"line":3,"column":63}},"3":{"start":{"line":4,"column":0},"end":{"line":4,"column":0}},"4":{"start":{"line":5,"column":0},"end":{"line":5,"column":42}},"5":{"start":{"line":6,"column":0},"end":{"line":6,"column":111}},"6":{"start":{"line":7,"column":0},"end":{"line":7,"column":0}},"7":{"start":{"line":8,"column":0},"end":{"line":8,"column":25}},"8":{"start":{"line":9,"column":0},"end":{"line":9,"column":23}},"9":{"start":{"line":10,"column":0},"end":{"line":10,"column":0}},"10":{"start":{"line":11,"column":0},"end":{"line":11,"column":38}},"11":{"start":{"line":12,"column":0},"end":{"line":12,"column":22}},"12":{"start":{"line":13,"column":0},"end":{"line":13,"column":24}},"13":{"start":{"line":14,"column":0},"end":{"line":14,"column":26}},"14":{"start":{"line":15,"column":0},"end":{"line":15,"column":11}},"15":{"start":{"line":16,"column":0},"end":{"line":16,"column":81}},"16":{"start":{"line":17,"column":0},"end":{"line":17,"column":73}},"17":{"start":{"line":18,"column":0},"end":{"line":18,"column":20}},"18":{"start":{"line":19,"column":0},"end":{"line":19,"column":18}},"19":{"start":{"line":20,"column":0},"end":{"line":20,"column":66}},"20":{"start":{"line":21,"column":0},"end":{"line":21,"column":2}},"21":{"start":{"line":22,"column":0},"end":{"line":22,"column":0}},"22":{"start":{"line":23,"column":0},"end":{"line":23,"column":42}},"23":{"start":{"line":24,"column":0},"end":{"line":24,"column":0}},"24":{"start":{"line":25,"column":0},"end":{"line":25,"column":33}},"25":{"start":{"line":26,"column":0},"end":{"line":26,"column":43}},"26":{"start":{"line":27,"column":0},"end":{"line":27,"column":1}},"27":{"start":{"line":28,"column":0},"end":{"line":28,"column":0}},"28":{"start":{"line":29,"column":0},"end":{"line":29,"column":32}},"29":{"start":{"line":30,"column":0},"end":{"line":30,"column":56}},"30":{"start":{"line":31,"column":0},"end":{"line":31,"column":1}},"31":{"start":{"line":32,"column":0},"end":{"line":32,"column":0}},"32":{"start":{"line":33,"column":0},"end":{"line":33,"column":26}},"33":{"start":{"line":34,"column":0},"end":{"line":34,"column":28}},"34":{"start":{"line":35,"column":0},"end":{"line":35,"column":1}},"35":{"start":{"line":36,"column":0},"end":{"line":36,"column":0}},"36":{"start":{"line":37,"column":0},"end":{"line":37,"column":31}},"37":{"start":{"line":38,"column":0},"end":{"line":38,"column":10}},"38":{"start":{"line":39,"column":0},"end":{"line":39,"column":42}},"39":{"start":{"line":40,"column":0},"end":{"line":40,"column":26}},"40":{"start":{"line":41,"column":0},"end":{"line":41,"column":28}},"41":{"start":{"line":42,"column":0},"end":{"line":42,"column":29}},"42":{"start":{"line":43,"column":0},"end":{"line":43,"column":23}},"43":{"start":{"line":44,"column":0},"end":{"line":44,"column":4}},"44":{"start":{"line":45,"column":0},"end":{"line":45,"column":1}},"45":{"start":{"line":46,"column":0},"end":{"line":46,"column":0}},"46":{"start":{"line":47,"column":0},"end":{"line":47,"column":42}},"47":{"start":{"line":48,"column":0},"end":{"line":48,"column":0}},"48":{"start":{"line":49,"column":0},"end":{"line":49,"column":29}},"49":{"start":{"line":50,"column":0},"end":{"line":50,"column":31}},"50":{"start":{"line":51,"column":0},"end":{"line":51,"column":33}},"51":{"start":{"line":52,"column":0},"end":{"line":52,"column":18}},"52":{"start":{"line":53,"column":0},"end":{"line":53,"column":21}},"53":{"start":{"line":54,"column":0},"end":{"line":54,"column":25}},"54":{"start":{"line":55,"column":0},"end":{"line":55,"column":27}},"55":{"start":{"line":56,"column":0},"end":{"line":56,"column":25}},"56":{"start":{"line":57,"column":0},"end":{"line":57,"column":30}},"57":{"start":{"line":58,"column":0},"end":{"line":58,"column":18}},"58":{"start":{"line":59,"column":0},"end":{"line":59,"column":1}},"59":{"start":{"line":60,"column":0},"end":{"line":60,"column":0}},"60":{"start":{"line":61,"column":0},"end":{"line":61,"column":28}},"61":{"start":{"line":62,"column":0},"end":{"line":62,"column":33}},"62":{"start":{"line":63,"column":0},"end":{"line":63,"column":31}},"63":{"start":{"line":64,"column":0},"end":{"line":64,"column":25}},"64":{"start":{"line":65,"column":0},"end":{"line":65,"column":27}},"65":{"start":{"line":66,"column":0},"end":{"line":66,"column":25}},"66":{"start":{"line":67,"column":0},"end":{"line":67,"column":24}},"67":{"start":{"line":68,"column":0},"end":{"line":68,"column":0}},"68":{"start":{"line":69,"column":0},"end":{"line":69,"column":44}},"69":{"start":{"line":70,"column":0},"end":{"line":70,"column":10}},"70":{"start":{"line":71,"column":0},"end":{"line":71,"column":68}},"71":{"start":{"line":72,"column":0},"end":{"line":72,"column":81}},"72":{"start":{"line":73,"column":0},"end":{"line":73,"column":77}},"73":{"start":{"line":74,"column":0},"end":{"line":74,"column":4}},"74":{"start":{"line":75,"column":0},"end":{"line":75,"column":1}},"75":{"start":{"line":76,"column":0},"end":{"line":76,"column":0}},"76":{"start":{"line":77,"column":0},"end":{"line":77,"column":35}},"77":{"start":{"line":78,"column":0},"end":{"line":78,"column":19}},"78":{"start":{"line":79,"column":0},"end":{"line":79,"column":155}},"79":{"start":{"line":80,"column":0},"end":{"line":80,"column":141}},"80":{"start":{"line":81,"column":0},"end":{"line":81,"column":139}},"81":{"start":{"line":82,"column":0},"end":{"line":82,"column":4}},"82":{"start":{"line":83,"column":0},"end":{"line":83,"column":64}},"83":{"start":{"line":84,"column":0},"end":{"line":84,"column":1}},"84":{"start":{"line":85,"column":0},"end":{"line":85,"column":0}},"85":{"start":{"line":86,"column":0},"end":{"line":86,"column":30}},"86":{"start":{"line":87,"column":0},"end":{"line":87,"column":27}},"87":{"start":{"line":88,"column":0},"end":{"line":88,"column":21}},"88":{"start":{"line":89,"column":0},"end":{"line":89,"column":27}},"89":{"start":{"line":90,"column":0},"end":{"line":90,"column":16}},"90":{"start":{"line":91,"column":0},"end":{"line":91,"column":3}},"91":{"start":{"line":92,"column":0},"end":{"line":92,"column":15}},"92":{"start":{"line":93,"column":0},"end":{"line":93,"column":1}},"93":{"start":{"line":94,"column":0},"end":{"line":94,"column":0}},"94":{"start":{"line":95,"column":0},"end":{"line":95,"column":27}},"95":{"start":{"line":96,"column":0},"end":{"line":96,"column":46}},"96":{"start":{"line":97,"column":0},"end":{"line":97,"column":21}},"97":{"start":{"line":98,"column":0},"end":{"line":98,"column":26}},"98":{"start":{"line":99,"column":0},"end":{"line":99,"column":43}},"99":{"start":{"line":100,"column":0},"end":{"line":100,"column":30}},"100":{"start":{"line":101,"column":0},"end":{"line":101,"column":32}},"101":{"start":{"line":102,"column":0},"end":{"line":102,"column":3}},"102":{"start":{"line":103,"column":0},"end":{"line":103,"column":30}},"103":{"start":{"line":104,"column":0},"end":{"line":104,"column":1}},"104":{"start":{"line":105,"column":0},"end":{"line":105,"column":0}},"105":{"start":{"line":106,"column":0},"end":{"line":106,"column":39}},"106":{"start":{"line":107,"column":0},"end":{"line":107,"column":33}},"107":{"start":{"line":108,"column":0},"end":{"line":108,"column":22}},"108":{"start":{"line":109,"column":0},"end":{"line":109,"column":24}},"109":{"start":{"line":110,"column":0},"end":{"line":110,"column":28}},"110":{"start":{"line":111,"column":0},"end":{"line":111,"column":24}},"111":{"start":{"line":112,"column":0},"end":{"line":112,"column":12}},"112":{"start":{"line":113,"column":0},"end":{"line":113,"column":40}},"113":{"start":{"line":114,"column":0},"end":{"line":114,"column":5}},"114":{"start":{"line":115,"column":0},"end":{"line":115,"column":0}},"115":{"start":{"line":116,"column":0},"end":{"line":116,"column":16}},"116":{"start":{"line":117,"column":0},"end":{"line":117,"column":18}},"117":{"start":{"line":118,"column":0},"end":{"line":118,"column":3}},"118":{"start":{"line":119,"column":0},"end":{"line":119,"column":1}},"119":{"start":{"line":120,"column":0},"end":{"line":120,"column":0}},"120":{"start":{"line":121,"column":0},"end":{"line":121,"column":39}},"121":{"start":{"line":122,"column":0},"end":{"line":122,"column":61}},"122":{"start":{"line":123,"column":0},"end":{"line":123,"column":50}},"123":{"start":{"line":124,"column":0},"end":{"line":124,"column":0}},"124":{"start":{"line":125,"column":0},"end":{"line":125,"column":73}},"125":{"start":{"line":126,"column":0},"end":{"line":126,"column":41}},"126":{"start":{"line":127,"column":0},"end":{"line":127,"column":70}},"127":{"start":{"line":128,"column":0},"end":{"line":128,"column":0}},"128":{"start":{"line":129,"column":0},"end":{"line":129,"column":23}},"129":{"start":{"line":130,"column":0},"end":{"line":130,"column":25}},"130":{"start":{"line":131,"column":0},"end":{"line":131,"column":17}},"131":{"start":{"line":132,"column":0},"end":{"line":132,"column":3}},"132":{"start":{"line":133,"column":0},"end":{"line":133,"column":0}},"133":{"start":{"line":134,"column":0},"end":{"line":134,"column":29}},"134":{"start":{"line":135,"column":0},"end":{"line":135,"column":25}},"135":{"start":{"line":136,"column":0},"end":{"line":136,"column":27}},"136":{"start":{"line":137,"column":0},"end":{"line":137,"column":25}},"137":{"start":{"line":138,"column":0},"end":{"line":138,"column":30}},"138":{"start":{"line":139,"column":0},"end":{"line":139,"column":33}},"139":{"start":{"line":140,"column":0},"end":{"line":140,"column":22}},"140":{"start":{"line":141,"column":0},"end":{"line":141,"column":1}},"141":{"start":{"line":142,"column":0},"end":{"line":142,"column":0}},"142":{"start":{"line":143,"column":0},"end":{"line":143,"column":29}},"143":{"start":{"line":144,"column":0},"end":{"line":144,"column":31}},"144":{"start":{"line":145,"column":0},"end":{"line":145,"column":33}},"145":{"start":{"line":146,"column":0},"end":{"line":146,"column":18}},"146":{"start":{"line":147,"column":0},"end":{"line":147,"column":21}},"147":{"start":{"line":148,"column":0},"end":{"line":148,"column":25}},"148":{"start":{"line":149,"column":0},"end":{"line":149,"column":27}},"149":{"start":{"line":150,"column":0},"end":{"line":150,"column":25}},"150":{"start":{"line":151,"column":0},"end":{"line":151,"column":25}},"151":{"start":{"line":152,"column":0},"end":{"line":152,"column":18}},"152":{"start":{"line":153,"column":0},"end":{"line":153,"column":1}},"153":{"start":{"line":154,"column":0},"end":{"line":154,"column":0}},"154":{"start":{"line":155,"column":0},"end":{"line":155,"column":60}},"155":{"start":{"line":156,"column":0},"end":{"line":156,"column":0}},"156":{"start":{"line":157,"column":0},"end":{"line":157,"column":51}},"157":{"start":{"line":158,"column":0},"end":{"line":158,"column":40}},"158":{"start":{"line":159,"column":0},"end":{"line":159,"column":42}},"159":{"start":{"line":160,"column":0},"end":{"line":160,"column":33}},"160":{"start":{"line":161,"column":0},"end":{"line":161,"column":42}},"161":{"start":{"line":162,"column":0},"end":{"line":162,"column":1}},"162":{"start":{"line":163,"column":0},"end":{"line":163,"column":0}},"163":{"start":{"line":164,"column":0},"end":{"line":164,"column":48}},"164":{"start":{"line":165,"column":0},"end":{"line":165,"column":40}},"165":{"start":{"line":166,"column":0},"end":{"line":166,"column":43}},"166":{"start":{"line":167,"column":0},"end":{"line":167,"column":1}},"167":{"start":{"line":168,"column":0},"end":{"line":168,"column":0}},"168":{"start":{"line":169,"column":0},"end":{"line":169,"column":44}},"169":{"start":{"line":170,"column":0},"end":{"line":170,"column":37}},"170":{"start":{"line":171,"column":0},"end":{"line":171,"column":46}},"171":{"start":{"line":172,"column":0},"end":{"line":172,"column":1}},"172":{"start":{"line":173,"column":0},"end":{"line":173,"column":0}},"173":{"start":{"line":174,"column":0},"end":{"line":174,"column":53}},"174":{"start":{"line":175,"column":0},"end":{"line":175,"column":0}},"175":{"start":{"line":176,"column":0},"end":{"line":176,"column":51}},"176":{"start":{"line":177,"column":0},"end":{"line":177,"column":46}},"177":{"start":{"line":178,"column":0},"end":{"line":178,"column":33}},"178":{"start":{"line":179,"column":0},"end":{"line":179,"column":0}},"179":{"start":{"line":180,"column":0},"end":{"line":180,"column":64}},"180":{"start":{"line":181,"column":0},"end":{"line":181,"column":21}},"181":{"start":{"line":182,"column":0},"end":{"line":182,"column":19}},"182":{"start":{"line":183,"column":0},"end":{"line":183,"column":33}},"183":{"start":{"line":184,"column":0},"end":{"line":184,"column":4}},"184":{"start":{"line":185,"column":0},"end":{"line":185,"column":0}},"185":{"start":{"line":186,"column":0},"end":{"line":186,"column":43}},"186":{"start":{"line":187,"column":0},"end":{"line":187,"column":65}},"187":{"start":{"line":188,"column":0},"end":{"line":188,"column":0}},"188":{"start":{"line":189,"column":0},"end":{"line":189,"column":30}},"189":{"start":{"line":190,"column":0},"end":{"line":190,"column":53}},"190":{"start":{"line":191,"column":0},"end":{"line":191,"column":0}},"191":{"start":{"line":192,"column":0},"end":{"line":192,"column":18}},"192":{"start":{"line":193,"column":0},"end":{"line":193,"column":1}},"193":{"start":{"line":194,"column":0},"end":{"line":194,"column":0}},"194":{"start":{"line":195,"column":0},"end":{"line":195,"column":37}},"195":{"start":{"line":196,"column":0},"end":{"line":196,"column":44}},"196":{"start":{"line":197,"column":0},"end":{"line":197,"column":67}},"197":{"start":{"line":198,"column":0},"end":{"line":198,"column":1}},"198":{"start":{"line":199,"column":0},"end":{"line":199,"column":0}},"199":{"start":{"line":200,"column":0},"end":{"line":200,"column":37}},"200":{"start":{"line":201,"column":0},"end":{"line":201,"column":33}},"201":{"start":{"line":202,"column":0},"end":{"line":202,"column":10}},"202":{"start":{"line":203,"column":0},"end":{"line":203,"column":23}},"203":{"start":{"line":204,"column":0},"end":{"line":204,"column":26}},"204":{"start":{"line":205,"column":0},"end":{"line":205,"column":27}},"205":{"start":{"line":206,"column":0},"end":{"line":206,"column":65}},"206":{"start":{"line":207,"column":0},"end":{"line":207,"column":4}},"207":{"start":{"line":208,"column":0},"end":{"line":208,"column":1}}},"s":{"0":1,"1":1,"2":1,"3":1,"4":1,"5":1,"6":1,"7":1,"8":1,"9":1,"10":1,"11":1,"12":1,"13":1,"14":1,"15":1,"16":1,"17":1,"18":1,"19":1,"20":1,"21":1,"22":1,"23":1,"24":1,"25":27,"26":27,"27":1,"28":1,"29":11,"30":11,"31":1,"32":1,"33":0,"34":0,"35":1,"36":1,"37":1,"38":1,"39":1,"40":1,"41":1,"42":1,"43":1,"44":1,"45":1,"46":1,"47":1,"48":1,"49":27,"50":27,"51":27,"52":27,"53":27,"54":27,"55":27,"56":27,"57":27,"58":27,"59":1,"60":1,"61":1,"62":1,"63":1,"64":1,"65":1,"66":1,"67":1,"68":1,"69":1,"70":1,"71":1,"72":1,"73":1,"74":1,"75":1,"76":1,"77":1,"78":1,"79":1,"80":1,"81":1,"82":1,"83":1,"84":1,"85":1,"86":2,"87":1,"88":1,"89":1,"90":1,"91":1,"92":1,"93":1,"94":1,"95":3,"96":2,"97":2,"98":2,"99":3,"100":1,"101":1,"102":0,"103":0,"104":1,"105":1,"106":13,"107":13,"108":13,"109":13,"110":13,"111":13,"112":13,"113":13,"114":13,"115":13,"116":8,"117":8,"118":13,"119":1,"120":1,"121":9,"122":9,"123":9,"124":9,"125":9,"126":9,"127":9,"128":9,"129":2,"130":2,"131":2,"132":7,"133":7,"134":7,"135":7,"136":7,"137":7,"138":7,"139":7,"140":7,"141":1,"142":1,"143":40,"144":40,"145":40,"146":40,"147":40,"148":40,"149":40,"150":40,"151":40,"152":40,"153":1,"154":1,"155":1,"156":1,"157":1,"158":1,"159":0,"160":0,"161":0,"162":1,"163":1,"164":1,"165":0,"166":0,"167":1,"168":1,"169":1,"170":0,"171":0,"172":1,"173":1,"174":1,"175":1,"176":1,"177":1,"178":1,"179":1,"180":1,"181":1,"182":1,"183":1,"184":1,"185":1,"186":1,"187":1,"188":1,"189":1,"190":1,"191":1,"192":1,"193":1,"194":1,"195":1,"196":1,"197":1,"198":1,"199":1,"200":1,"201":1,"202":1,"203":1,"204":1,"205":1,"206":1,"207":1},"branchMap":{"0":{"type":"branch","line":25,"loc":{"start":{"line":25,"column":7},"end":{"line":27,"column":1}},"locations":[{"start":{"line":25,"column":7},"end":{"line":27,"column":1}}]},"1":{"type":"branch","line":29,"loc":{"start":{"line":29,"column":7},"end":{"line":31,"column":1}},"locations":[{"start":{"line":29,"column":7},"end":{"line":31,"column":1}}]},"2":{"type":"branch","line":37,"loc":{"start":{"line":37,"column":7},"end":{"line":45,"column":1}},"locations":[{"start":{"line":37,"column":7},"end":{"line":45,"column":1}}]},"3":{"type":"branch","line":49,"loc":{"start":{"line":49,"column":7},"end":{"line":59,"column":1}},"locations":[{"start":{"line":49,"column":7},"end":{"line":59,"column":1}}]},"4":{"type":"branch","line":61,"loc":{"start":{"line":61,"column":7},"end":{"line":75,"column":1}},"locations":[{"start":{"line":61,"column":7},"end":{"line":75,"column":1}}]},"5":{"type":"branch","line":77,"loc":{"start":{"line":77,"column":0},"end":{"line":84,"column":1}},"locations":[{"start":{"line":77,"column":0},"end":{"line":84,"column":1}}]},"6":{"type":"branch","line":86,"loc":{"start":{"line":86,"column":7},"end":{"line":93,"column":1}},"locations":[{"start":{"line":86,"column":7},"end":{"line":93,"column":1}}]},"7":{"type":"branch","line":87,"loc":{"start":{"line":87,"column":26},"end":{"line":93,"column":1}},"locations":[{"start":{"line":87,"column":26},"end":{"line":93,"column":1}}]},"8":{"type":"branch","line":95,"loc":{"start":{"line":95,"column":7},"end":{"line":104,"column":1}},"locations":[{"start":{"line":95,"column":7},"end":{"line":104,"column":1}}]},"9":{"type":"branch","line":96,"loc":{"start":{"line":96,"column":45},"end":{"line":100,"column":3}},"locations":[{"start":{"line":96,"column":45},"end":{"line":100,"column":3}}]},"10":{"type":"branch","line":100,"loc":{"start":{"line":100,"column":3},"end":{"line":102,"column":3}},"locations":[{"start":{"line":100,"column":3},"end":{"line":102,"column":3}}]},"11":{"type":"branch","line":103,"loc":{"start":{"line":103,"column":-2},"end":{"line":104,"column":1}},"locations":[{"start":{"line":103,"column":-2},"end":{"line":104,"column":1}}]},"12":{"type":"branch","line":106,"loc":{"start":{"line":106,"column":7},"end":{"line":119,"column":1}},"locations":[{"start":{"line":106,"column":7},"end":{"line":119,"column":1}}]},"13":{"type":"branch","line":116,"loc":{"start":{"line":116,"column":15},"end":{"line":118,"column":3}},"locations":[{"start":{"line":116,"column":15},"end":{"line":118,"column":3}}]},"14":{"type":"branch","line":121,"loc":{"start":{"line":121,"column":7},"end":{"line":141,"column":1}},"locations":[{"start":{"line":121,"column":7},"end":{"line":141,"column":1}}]},"15":{"type":"branch","line":123,"loc":{"start":{"line":123,"column":41},"end":{"line":123,"column":49}},"locations":[{"start":{"line":123,"column":41},"end":{"line":123,"column":49}}]},"16":{"type":"branch","line":126,"loc":{"start":{"line":126,"column":32},"end":{"line":126,"column":35}},"locations":[{"start":{"line":126,"column":32},"end":{"line":126,"column":35}}]},"17":{"type":"branch","line":126,"loc":{"start":{"line":126,"column":36},"end":{"line":126,"column":40}},"locations":[{"start":{"line":126,"column":36},"end":{"line":126,"column":40}}]},"18":{"type":"branch","line":129,"loc":{"start":{"line":129,"column":22},"end":{"line":141,"column":1}},"locations":[{"start":{"line":129,"column":22},"end":{"line":141,"column":1}}]},"19":{"type":"branch","line":129,"loc":{"start":{"line":129,"column":22},"end":{"line":132,"column":3}},"locations":[{"start":{"line":129,"column":22},"end":{"line":132,"column":3}}]},"20":{"type":"branch","line":133,"loc":{"start":{"line":133,"column":-2},"end":{"line":141,"column":1}},"locations":[{"start":{"line":133,"column":-2},"end":{"line":141,"column":1}}]},"21":{"type":"branch","line":143,"loc":{"start":{"line":143,"column":7},"end":{"line":153,"column":1}},"locations":[{"start":{"line":143,"column":7},"end":{"line":153,"column":1}}]},"22":{"type":"branch","line":177,"loc":{"start":{"line":177,"column":7},"end":{"line":193,"column":1}},"locations":[{"start":{"line":177,"column":7},"end":{"line":193,"column":1}}]},"23":{"type":"branch","line":196,"loc":{"start":{"line":196,"column":7},"end":{"line":198,"column":1}},"locations":[{"start":{"line":196,"column":7},"end":{"line":198,"column":1}}]},"24":{"type":"branch","line":201,"loc":{"start":{"line":201,"column":7},"end":{"line":208,"column":1}},"locations":[{"start":{"line":201,"column":7},"end":{"line":208,"column":1}}]}},"b":{"0":[27],"1":[11],"2":[1],"3":[27],"4":[1],"5":[1],"6":[2],"7":[1],"8":[3],"9":[2],"10":[1],"11":[0],"12":[13],"13":[8],"14":[9],"15":[0],"16":[6],"17":[3],"18":[8],"19":[2],"20":[7],"21":[40],"22":[1],"23":[1],"24":[1]},"fnMap":{"0":{"name":"currentPlanet","decl":{"start":{"line":25,"column":7},"end":{"line":27,"column":1}},"loc":{"start":{"line":25,"column":7},"end":{"line":27,"column":1}},"line":25},"1":{"name":"isLastPlanet","decl":{"start":{"line":29,"column":7},"end":{"line":31,"column":1}},"loc":{"start":{"line":29,"column":7},"end":{"line":31,"column":1}},"line":29},"2":{"name":"canAsk","decl":{"start":{"line":33,"column":7},"end":{"line":35,"column":1}},"loc":{"start":{"line":33,"column":7},"end":{"line":35,"column":1}},"line":33},"3":{"name":"getProgress","decl":{"start":{"line":37,"column":7},"end":{"line":45,"column":1}},"loc":{"start":{"line":37,"column":7},"end":{"line":45,"column":1}},"line":37},"4":{"name":"startGame","decl":{"start":{"line":49,"column":7},"end":{"line":59,"column":1}},"loc":{"start":{"line":49,"column":7},"end":{"line":59,"column":1}},"line":49},"5":{"name":"enterLab","decl":{"start":{"line":61,"column":7},"end":{"line":75,"column":1}},"loc":{"start":{"line":61,"column":7},"end":{"line":75,"column":1}},"line":61},"6":{"name":"getOpeningPrompt","decl":{"start":{"line":77,"column":0},"end":{"line":84,"column":1}},"loc":{"start":{"line":77,"column":0},"end":{"line":84,"column":1}},"line":77},"7":{"name":"useAttempt","decl":{"start":{"line":86,"column":7},"end":{"line":93,"column":1}},"loc":{"start":{"line":86,"column":7},"end":{"line":93,"column":1}},"line":86},"8":{"name":"useHint","decl":{"start":{"line":95,"column":7},"end":{"line":104,"column":1}},"loc":{"start":{"line":95,"column":7},"end":{"line":104,"column":1}},"line":95},"9":{"name":"recordResult","decl":{"start":{"line":106,"column":7},"end":{"line":119,"column":1}},"loc":{"start":{"line":106,"column":7},"end":{"line":119,"column":1}},"line":106},"10":{"name":"advanceToNextPlanet","decl":{"start":{"line":121,"column":7},"end":{"line":141,"column":1}},"loc":{"start":{"line":121,"column":7},"end":{"line":141,"column":1}},"line":121},"11":{"name":"resetGame","decl":{"start":{"line":143,"column":7},"end":{"line":153,"column":1}},"loc":{"start":{"line":143,"column":7},"end":{"line":153,"column":1}},"line":143},"12":{"name":"checkForUnlocks","decl":{"start":{"line":159,"column":7},"end":{"line":162,"column":1}},"loc":{"start":{"line":159,"column":7},"end":{"line":162,"column":1}},"line":159},"13":{"name":"getCurrentToolStates","decl":{"start":{"line":165,"column":7},"end":{"line":167,"column":1}},"loc":{"start":{"line":165,"column":7},"end":{"line":167,"column":1}},"line":165},"14":{"name":"getUnlockProgress","decl":{"start":{"line":170,"column":7},"end":{"line":172,"column":1}},"loc":{"start":{"line":170,"column":7},"end":{"line":172,"column":1}},"line":170},"15":{"name":"buildAIMessages","decl":{"start":{"line":177,"column":7},"end":{"line":193,"column":1}},"loc":{"start":{"line":177,"column":7},"end":{"line":193,"column":1}},"line":177},"16":{"name":"recordAIResponse","decl":{"start":{"line":196,"column":7},"end":{"line":198,"column":1}},"loc":{"start":{"line":196,"column":7},"end":{"line":198,"column":1}},"line":196},"17":{"name":"getFinalStats","decl":{"start":{"line":201,"column":7},"end":{"line":208,"column":1}},"loc":{"start":{"line":201,"column":7},"end":{"line":208,"column":1}},"line":201}},"f":{"0":27,"1":11,"2":0,"3":1,"4":27,"5":1,"6":1,"7":2,"8":3,"9":13,"10":9,"11":40,"12":0,"13":0,"14":0,"15":1,"16":1,"17":1}}
,"/mnt/c/Users/djein/OneDrive/Documents/Senior-Classes/CSE-120/Project_Prototypes/Stellar-Odyssey/src/main.js": {"path":"/mnt/c/Users/djein/OneDrive/Documents/Senior-Classes/CSE-120/Project_Prototypes/Stellar-Odyssey/src/main.js","all":true,"statementMap":{"0":{"start":{"line":1,"column":0},"end":{"line":1,"column":63}},"1":{"start":{"line":2,"column":0},"end":{"line":2,"column":58}},"2":{"start":{"line":3,"column":0},"end":{"line":3,"column":52}},"3":{"start":{"line":4,"column":0},"end":{"line":4,"column":63}},"4":{"start":{"line":5,"column":0},"end":{"line":5,"column":0}},"5":{"start":{"line":6,"column":0},"end":{"line":6,"column":34}},"6":{"start":{"line":7,"column":0},"end":{"line":7,"column":34}},"7":{"start":{"line":8,"column":0},"end":{"line":8,"column":30}},"8":{"start":{"line":9,"column":0},"end":{"line":9,"column":54}},"9":{"start":{"line":10,"column":0},"end":{"line":10,"column":0}},"10":{"start":{"line":11,"column":0},"end":{"line":11,"column":51}},"11":{"start":{"line":12,"column":0},"end":{"line":12,"column":0}},"12":{"start":{"line":13,"column":0},"end":{"line":13,"column":17}},"13":{"start":{"line":14,"column":0},"end":{"line":14,"column":15}},"14":{"start":{"line":15,"column":0},"end":{"line":15,"column":25}},"15":{"start":{"line":16,"column":0},"end":{"line":16,"column":1}},"16":{"start":{"line":17,"column":0},"end":{"line":17,"column":0}},"17":{"start":{"line":18,"column":0},"end":{"line":18,"column":60}},"18":{"start":{"line":19,"column":0},"end":{"line":19,"column":0}},"19":{"start":{"line":20,"column":0},"end":{"line":20,"column":23}},"20":{"start":{"line":21,"column":0},"end":{"line":21,"column":17}},"21":{"start":{"line":22,"column":0},"end":{"line":22,"column":59}},"22":{"start":{"line":23,"column":0},"end":{"line":23,"column":0}},"23":{"start":{"line":24,"column":0},"end":{"line":24,"column":55}},"24":{"start":{"line":25,"column":0},"end":{"line":25,"column":73}},"25":{"start":{"line":26,"column":0},"end":{"line":26,"column":0}},"26":{"start":{"line":27,"column":0},"end":{"line":27,"column":45}},"27":{"start":{"line":28,"column":0},"end":{"line":28,"column":65}},"28":{"start":{"line":29,"column":0},"end":{"line":29,"column":0}},"29":{"start":{"line":30,"column":0},"end":{"line":30,"column":16}},"30":{"start":{"line":31,"column":0},"end":{"line":31,"column":65}},"31":{"start":{"line":32,"column":0},"end":{"line":32,"column":57}},"32":{"start":{"line":33,"column":0},"end":{"line":33,"column":43}},"33":{"start":{"line":34,"column":0},"end":{"line":34,"column":25}},"34":{"start":{"line":35,"column":0},"end":{"line":35,"column":27}},"35":{"start":{"line":36,"column":0},"end":{"line":36,"column":5}},"36":{"start":{"line":37,"column":0},"end":{"line":37,"column":5}},"37":{"start":{"line":38,"column":0},"end":{"line":38,"column":57}},"38":{"start":{"line":39,"column":0},"end":{"line":39,"column":76}},"39":{"start":{"line":40,"column":0},"end":{"line":40,"column":61}},"40":{"start":{"line":41,"column":0},"end":{"line":41,"column":0}},"41":{"start":{"line":42,"column":0},"end":{"line":42,"column":17}},"42":{"start":{"line":43,"column":0},"end":{"line":43,"column":81}},"43":{"start":{"line":44,"column":0},"end":{"line":44,"column":74}},"44":{"start":{"line":45,"column":0},"end":{"line":45,"column":110}},"45":{"start":{"line":46,"column":0},"end":{"line":46,"column":0}},"46":{"start":{"line":47,"column":0},"end":{"line":47,"column":17}},"47":{"start":{"line":48,"column":0},"end":{"line":48,"column":69}},"48":{"start":{"line":49,"column":0},"end":{"line":49,"column":0}},"49":{"start":{"line":50,"column":0},"end":{"line":50,"column":15}},"50":{"start":{"line":51,"column":0},"end":{"line":51,"column":63}},"51":{"start":{"line":52,"column":0},"end":{"line":52,"column":0}},"52":{"start":{"line":53,"column":0},"end":{"line":53,"column":23}},"53":{"start":{"line":54,"column":0},"end":{"line":54,"column":23}},"54":{"start":{"line":55,"column":0},"end":{"line":55,"column":1}},"55":{"start":{"line":56,"column":0},"end":{"line":56,"column":0}},"56":{"start":{"line":57,"column":0},"end":{"line":57,"column":60}},"57":{"start":{"line":58,"column":0},"end":{"line":58,"column":0}},"58":{"start":{"line":59,"column":0},"end":{"line":59,"column":21}},"59":{"start":{"line":60,"column":0},"end":{"line":60,"column":30}},"60":{"start":{"line":61,"column":0},"end":{"line":61,"column":19}},"61":{"start":{"line":62,"column":0},"end":{"line":62,"column":38}},"62":{"start":{"line":63,"column":0},"end":{"line":63,"column":30}},"63":{"start":{"line":64,"column":0},"end":{"line":64,"column":30}},"64":{"start":{"line":65,"column":0},"end":{"line":65,"column":57}},"65":{"start":{"line":66,"column":0},"end":{"line":66,"column":1}},"66":{"start":{"line":67,"column":0},"end":{"line":67,"column":0}},"67":{"start":{"line":68,"column":0},"end":{"line":68,"column":32}},"68":{"start":{"line":69,"column":0},"end":{"line":69,"column":31}},"69":{"start":{"line":70,"column":0},"end":{"line":70,"column":20}},"70":{"start":{"line":71,"column":0},"end":{"line":71,
[...]
15":{"start":{"line":416,"column":0},"end":{"line":416,"column":42}},"416":{"start":{"line":417,"column":0},"end":{"line":417,"column":34}},"417":{"start":{"line":418,"column":0},"end":{"line":418,"column":55}},"418":{"start":{"line":419,"column":0},"end":{"line":419,"column":53}},"419":{"start":{"line":420,"column":0},"end":{"line":420,"column":1}}},"s":{"0":1,"1":1,"2":1,"3":1,"4":1,"5":1,"6":1,"7":1,"8":1,"9":1,"10":1,"11":1,"12":1,"13":1,"14":1,"15":1,"16":1,"17":1,"18":1,"19":1,"20":1,"21":1,"22":1,"23":1,"24":1,"25":1,"26":1,"27":1,"28":1,"29":1,"30":1,"31":1,"32":1,"33":1,"34":1,"35":1,"36":1,"37":1,"38":1,"39":1,"40":1,"41":1,"42":1,"43":1,"44":1,"45":1,"46":1,"47":1,"48":1,"49":1,"50":1,"51":1,"52":1,"53":1,"54":1,"55":1,"56":1,"57":1,"58":1,"59":1,"60":1,"61":1,"62":1,"63":1,"64":1,"65":1,"66":1,"67":1,"68":1,"69":1,"70":1,"71":1,"72":1,"73":1,"74":1,"75":1,"76":1,"77":1,"78":1,"79":1,"80":1,"81":1,"82":1,"83":1,"84":1,"85":10,"86":10,"87":10,"88":10,"89":10,"90":10,"91":10,"92":10,"93":10,"94":10,"95":1,"96":1,"97":1,"98":1,"99":0,"100":0,"101":0,"102":1,"103":1,"104":1,"105":1,"106":0,"107":0,"108":0,"109":0,"110":0,"111":0,"112":0,"113":0,"114":0,"115":0,"116":0,"117":0,"118":0,"119":0,"120":0,"121":0,"122":0,"123":0,"124":0,"125":0,"126":0,"127":0,"128":0,"129":0,"130":0,"131":0,"132":0,"133":0,"134":0,"135":0,"136":0,"137":0,"138":0,"139":0,"140":0,"141":0,"142":1,"143":1,"144":1,"145":1,"146":0,"147":0,"148":0,"149":0,"150":0,"151":0,"152":0,"153":0,"154":0,"155":0,"156":0,"157":0,"158":0,"159":0,"160":0,"161":0,"162":0,"163":0,"164":0,"165":0,"166":0,"167":0,"168":0,"169":0,"170":0,"171":0,"172":0,"173":0,"174":0,"175":0,"176":0,"177":0,"178":0,"179":1,"180":1,"181":0,"182":0,"183":0,"184":1,"185":1,"186":1,"187":1,"188":0,"189":0,"190":0,"191":0,"192":0,"193":0,"194":0,"195":0,"196":0,"197":0,"198":0,"199":0,"200":0,"201":0,"202":0,"203":0,"204":0,"205":0,"206":0,"207":0,"208":0,"209":0,"210":0,"211":0,"212":0,"213":0,"214":1,"215":1,"216":1,"217":1,"218":0,"219":0,"220":0,"221":0,"222":0,"223":0,"224":0,"225":0,"226":0,"227":0,"228":0,"229":0,"230":0,"231":1,"232":1,"233":1,"234":1,"235":0,"236":0,"237":0,"238":0,"239":0,"240":0,"241":0,"242":1,"243":1,"244":0,"245":0,"246":0,"247":0,"248":0,"249":0,"250":0,"251":0,"252":0,"253":0,"254":0,"255":0,"256":0,"257":0,"258":0,"259":0,"260":0,"261":0,"262":0,"263":0,"264":0,"265":0,"266":0,"267":0,"268":0,"269":0,"270":0,"271":0,"272":1,"273":1,"274":0,"275":0,"276":0,"277":0,"278":0,"279":0,"280":0,"281":0,"282":1,"283":1,"284":0,"285":0,"286":1,"287":1,"288":1,"289":1,"290":0,"291":0,"292":1,"293":1,"294":0,"295":0,"296":0,"297":0,"298":0,"299":0,"300":0,"301":0,"302":0,"303":0,"304":0,"305":0,"306":0,"307":0,"308":0,"309":0,"310":0,"311":0,"312":0,"313":0,"314":0,"315":0,"316":0,"317":0,"318":1,"319":1,"320":0,"321":0,"322":0,"323":0,"324":0,"325":0,"326":0,"327":0,"328":1,"329":1,"330":0,"331":0,"332":0,"333":1,"334":0,"335":0,"336":0,"337":0,"338":0,"339":0,"340":1,"341":1,"342":1,"343":1,"344":0,"345":0,"346":0,"347":0,"348":1,"349":1,"350":0,"351":0,"352":0,"353":0,"354":0,"355":1,"356":1,"357":0,"358":0,"359":1,"360":1,"361":0,"362":0,"363":1,"364":1,"365":1,"366":1,"367":0,"368":0,"369":0,"370":0,"371":0,"372":1,"373":1,"374":0,"375":0,"376":1,"377":1,"378":0,"379":0,"380":1,"381":1,"382":0,"383":0,"384":0,"385":0,"386":0,"387":0,"388":0,"389":0,"390":0,"391":0,"392":1,"393":1,"394":0,"395":0,"396":1,"397":1,"398":1,"399":1,"400":0,"401":0,"402":0,"403":0,"404":0,"405":0,"406":0,"407":0,"408":0,"409":0,"410":0,"411":0,"412":1,"413":1,"414":1,"415":1,"416":0,"417":0,"418":0,"419":0},"branchMap":{"0":{"type":"branch","line":11,"loc":{"start":{"line":11,"column":20},"end":{"line":11,"column":65}},"locations":[{"start":{"line":11,"column":20},"end":{"line":11,"column":65}}]},"1":{"type":"branch","line":12,"loc":{"start":{"line":12,"column":20},"end":{"line":12,"column":70}},"locations":[{"start":{"line":12,"column":20},"end":{"line":12,"column":70}}]},"2":{"type":"branch","line":13,"loc":{"start":{"line":13,"column":20},"end":{"line":13,"column":64}},"locations":[{"start":{"line":13,"column":20},"end":{"line":13,"column":64}}]},"3":{"type":"branch","line":14,"loc":{"start":{"line":14,"column":20},"end":{"line":14,"column":63}},"locations":[{"start":{"line":14,"column":20},"end":{"line":14,"column":63}}]},"4":{"type":"branch","line":85,"loc":{"start":{"line":85,"column":7},"end":{"line":95,"column":1}},"locations":[{"start":{"line":85,"column":7},"end":{"line":95,"column":1}}]},"5":{"type":"branch","line":86,"loc":{"start":{"line":86,"column":47},"end":{"line":86,"column":80}},"locations":[{"start":{"line":86,"column":47},"end":{"line":86,"column":80}}]}},"b":{"0":[10],"1":[10],"2":[10],"3":[10],"4":[10],"5":[40]},"fnMap":{"0":{"name":"screenTitle","decl":{"start":{"line":11,"column":20},"end":{"line":11,"column":65}},"loc":{"start":{"line":11,"column":20},"end":{"line":11,"column":65}},"line":11},"1":{"name":"screenTransition","decl":{"start":{"line":12,"column":20},"end":{"line":12,"column":70}},"loc":{"start":{"line":12,"column":20},"end":{"line":12,"column":70}},"line":12},"2":{"name":"screenGame","decl":{"start":{"line":13,"column":20},"end":{"line":13,"column":64}},"loc":{"start":{"line":13,"column":20},"end":{"line":13,"column":64}},"line":13},"3":{"name":"screenEnd","decl":{"start":{"line":14,"column":20},"end":{"line":14,"column":63}},"loc":{"start":{"line":14,"column":20},"end":{"line":14,"column":63}},"line":14},"4":{"name":"transTravel","decl":{"start":{"line":17,"column":20},"end":{"line":17,"column":74}},"loc":{"start":{"line":17,"column":20},"end":{"line":17,"column":74}},"line":17},"5":{"name":"transArrive","decl":{"start":{"line":18,"column":20},"end":{"line":18,"column":70}},"loc":{"start":{"line":18,"column":20},"end":{"line":18,"column":70}},"line":18},"6":{"name":"transPlanetName","decl":{"start":{"line":19,"column":20},"end":{"line":19,"column":70}},"loc":{"start":{"line":19,"column":20},"end":{"line":19,"column":70}},"line":19},"7":{"name":"transPlanetAvatar","decl":{"start":{"line":20,"column":20},"end":{"line":20,"column":72}},"loc":{"start":{"line":20,"column":20},"end":{"line":20,"column":72}},"line":20},"8":{"name":"transGreeting","decl":{"start":{"line":21,"column":20},"end":{"line":21,"column":67}},"loc":{"start":{"line":21,"column":20},"end":{"line":21,"column":67}},"line":21},"9":{"name":"transTopic","decl":{"start":{"line":22,"column":20},"end":{"line":22,"column":64}},"loc":{"start":{"line":22,"column":20},"end":{"line":22,"column":64}},"line":22},"10":{"name":"transDifficulty","decl":{"start":{"line":23,"column":20},"end":{"line":23,"column":69}},"loc":{"start":{"line":23,"column":20},"end":{"line":23,"column":69}},"line":23},"11":{"name":"transAttempts","decl":{"start":{"line":24,"column":20},"end":{"line":24,"column":67}},"loc":{"start":{"line":24,"column":20},"end":{"line":24,"column":67}},"line":24},"12":{"name":"btnViewBriefing","decl":{"start":{"line":27,"column":20},"end":{"line":27,"column":70}},"loc":{"start":{"line":27,"column":20},"end":{"line":27,"column":70}},"line":27},"13":{"name":"briefingScreen","decl":{"start":{"line":28,"column":20},"end":{"line":28,"column":68}},"loc":{"start":{"line":28,"column":20},"end":{"line":28,"column":68}},"line":28},"14":{"name":"briefingAvatar","decl":{"start":{"line":29,"column":20},"end":{"line":29,"column":68}},"loc":{"start":{"line":29,"column":20},"end":{"line":29,"column":68}},"line":29},"15":{"name":"briefingName","decl":{"start":{"line":30,"column":20},"end":{"line":30,"column":66}},"loc":{"start":{"line":30,"column":20},"end":{"line":30,"column":66}},"line":30},"16":{"name":"briefingSubtitle","decl":{"start":{"line":31,"column":20},"end":{"line":31,"column":70}},"loc":{"start":{"line":31,"column":20},"end":{"line":31,"column":70}},"line":31},"17":{"name":"briefingOverview","decl":{"start":{"line":32,"column":20},"end":{"line":32,"column":70}},"loc":{"start":{"line":32,"column":20},"end":{"line":32,"column":70}},"line":32},"18":{"name":"briefingStats","decl":{"start":{"line":33,"column":20},"end":{"line":33,"column":67}},"loc":{"start":{"line":33,"column":20},"end":{"line":33,"column":67}},"line":33},"19":{"name":"briefingContext","decl":{"start":{"line":34,"column":20},"end":{"line":34,"column":69}},"loc":{"start":{"line":34,"column":20},"end":{"line":34,"column":69}},"line":34},"20":{"name":"briefingThink","decl":{"start":{"line":35,"column":20},"end":{"line":35,"column":67}},"loc":{"start":{"line":35,"column":20},"end":{"line":35,"column":67}},"line":35},"21":{"name":"headerDot","decl":{"start":{"line":38,"column":20},"end":{"line":38,"column":63}},"loc":{"start":{"line":38,"column":20},"end":{"line":38,"column":63}},"line":38},"22":{"name":"headerName","decl":{"start":{"line":39,"column":20},"end":{"line":39,"column":64}},"loc":{"start":{"line":39,"column":20},"end":{"line":39,"column":64}},"line":39},"23":{"name":"headerLevel","decl":{"start":{"line":40,"column":20},"end":{"line":40,"column":65}},"loc":{"start":{"line":40,"column":20},"end":{"line":40,"column":65}},"line":40},"24":{"name":"statAttempts","decl":{"start":{"line":41,"column":20},"end":{"line":41,"column":66}},"loc":{"start":{"line":41,"column":20},"end":{"line":41,"column":66}},"line":41},"25":{"name":"statScore","decl":{"start":{"line":42,"column":20},"end":{"line":42,"column":63}},"loc":{"start":{"line":42,"column":20},"end":{"line":42,"column":63}},"line":42},"26":{"name":"teacherAvatar","decl":{"start":{"line":45,"column":20},"end":{"line":45,"column":67}},"loc":{"start":{"line":45,"column":20},"end":{"line":45,"column":67}},"line":45},"27":{"name":"teacherName","decl":{"start":{"line":46,"column":20},"end":{"line":46,"column":65}},"loc":{"start":{"line":46,"column":20},"end":{"line":46,"column":65}},"line":46},"28":{"name":"infoTopic","decl":{"start":{"line":47,"column":20},"end":{"line":47,"column":63}},"loc":{"start":{"line":47,"column":20},"end":{"line":47,"column":63}},"line":47},"29":{"name":"infoDifficulty","decl":{"start":{"line":48,"column":20},"end":{"line":48,"column":68}},"loc":{"start":{"line":48,"column":20},"end":{"line":48,"column":68}},"line":48},"30":{"name":"infoQuestion","decl":{"start":{"line":49,"column":20},"end":{"line":49,"column":66}},"loc":{"start":{"line":49,"column":20},"end":{"line":49,"column":66}},"line":49},"31":{"name":"sidebarFacts","decl":{"start":{"line":50,"column":20},"end":{"line":50,"column":66}},"loc":{"start":{"line":50,"column":20},"end":{"line":50,"column":66}},"line":50},"32":{"name":"chatMessages","decl":{"start":{"line":53,"column":20},"end":{"line":53,"column":66}},"loc":{"start":{"line":53,"column":20},"end":{"line":53,"column":66}},"line":53},"33":{"name":"chatInput","decl":{"start":{"line":54,"column":20},"end":{"line":54,"column":63}},"loc":{"start":{"line":54,"column":20},"end":{"line":54,"column":63}},"line":54},"34":{"name":"btnStart","decl":{"start":{"line":57,"column":20},"end":{"line":57,"column":62}},"loc":{"start":{"line":57,"column":20},"end":{"line":57,"column":62}},"line":57},"35":{"name":"btnEnterLab","decl":{"start":{"line":58,"column":20},"end":{"line":58,"column":66}},"loc":{"start":{"line":58,"column":20},"end":{"line":58,"column":66}},"line":58},"36":{"name":"btnSend","decl":{"start":{"line":59,"column":20},"end":{"line":59,"column":61}},"loc":{"start":{"line":59,"column":20},"end":{"line":59,"column":61}},"line":59},"37":{"name":"btnHint","decl":{"start":{"line":60,"column":20},"end":{"line":60,"column":61}},"loc":{"start":{"line":60,"column":20},"end":{"line":60,"column":61}},"line":60},"38":{"name":"btnSubmitAnswer","decl":{"start":{"line":61,"column":20},"end":{"line":61,"column":70}},"loc":{"start":{"line":61,"column":20},"end":{"line":61,"column":70}},"line":61},"39":{"name":"btnGiveUp","decl":{"start":{"line":62,"column":20},"end":{"line":62,"column":64}},"loc":{"start":{"line":62,"column":20},"end":{"line":62,"column":64}},"line":62},"40":{"name":"btnCancelAnswer","decl":{"start":{"line":63,"column":20},"end":{"line":63,"column":70}},"loc":{"start":{"line":63,"column":20},"end":{"line":63,"column":70}},"line":63},"41":{"name":"btnConfirmAnswer","decl":{"start":{"line":64,"column":20},"end":{"line":64,"column":71}},"loc":{"start":{"line":64,"column":20},"end":{"line":64,"column":71}},"line":64},"42":{"name":"btnNextPlanet","decl":{"start":{"line":65,"column":20},"end":{"line":65,"column":68}},"loc":{"start":{"line":65,"column":20},"end":{"line":65,"column":68}},"line":65},"43":{"name":"btnRestart","decl":{"start":{"line":66,"column":20},"end":{"line":66,"column":64}},"loc":{"start":{"line":66,"column":20},"end":{"line":66,"column":64}},"line":66},"44":{"name":"modalAnswer","decl":{"start":{"line":69,"column":20},"end":{"line":69,"column":65}},"loc":{"start":{"line":69,"column":20},"end":{"line":69,"column":65}},"line":69},"45":{"name":"modalResult","decl":{"start":{"line":70,"column":20},"end":{"line":70,"column":65}},"loc":{"start":{"line":70,"column":20},"end":{"line":70,"column":65}},"line":70},"46":{"name":"modalQuestion","decl":{"start":{"line":71,"column":20},"end":{"line":71,"column":67}},"loc":{"start":{"line":71,"column":20},"end":{"line":71,"column":67}},"line":71},"47":{"name":"answerInput","decl":{"start":{"line":72,"column":20},"end":{"line":72,"column":65}},"loc":{"start":{"line":72,"column":20},"end":{"line":72,"column":65}},"line":72},"48":{"name":"resultIcon","decl":{"start":{"line":73,"column":20},"end":{"line":73,"column":64}},"loc":{"start":{"line":73,"column":20},"end":{"line":73,"column":64}},"line":73},"49":{"name":"resultTitle","decl":{"start":{"line":74,"column":20},"end":{"line":74,"column":65}},"loc":{"start":{"line":74,"column":20},"end":{"line":74,"column":65}},"line":74},"50":{"name":"resultFeedback","decl":{"start":{"line":75,"column":20},"end":{"line":75,"column":68}},"loc":{"start":{"line":75,"column":20},"end":{"line":75,"column":68}},"line":75},"51":{"name":"resultMeta","decl":{"start":{"line":76,"column":20},"end":{"line":76,"column":64}},"loc":{"start":{"line":76,"column":20},"end":{"line":76,"column":64}},"line":76},"52":{"name":"endScore","decl":{"start":{"line":79,"column":20},"end":{"line":79,"column":62}},"loc":{"start":{"line":79,"column":20},"end":{"line":79,"column":62}},"line":79},"53":{"name":"endSummary","decl":{"start":{"line":80,"column":20},"end":{"line":80,"column":64}},"loc":{"start":{"line":80,"column":20},"end":{"line":80,"column":64}},"line":80},"54":{"name":"showScreen","decl":{"start":{"line":85,"column":7},"end":{"line":95,"column":1}},"loc":{"start":{"line":85,"column":7},"end":{"line":95,"column":1}},"line":85},"55":{"name":"applyPlanetTheme","decl":{"start":{"line":99,"column":7},"end":{"line":102,"column":1}},"loc":{"start":{"line":99,"column":7},"end":{"line":102,"column":1}},"line":99},"56":{"name":"renderTransition","decl":{"start":{"line":106,"column":7},"end":{"line":142,"column":1}},"loc":{"start":{"line":106,"column":7},"end":{"line":142,"column":1}},"line":106},"57":{"name":"renderBriefing","decl":{"start":{"line":146,"column":7},"end":{"line":179,"column":1}},"loc":{"start":{"line":146,"column":7},"end":{"line":179,"column":1}},"line":146},"58":{"name":"showBriefing","decl":{"start":{"line":181,"column":7},"end":{"line":184,"column":1}},"loc":{"start":{"line":181,"column":7},"end":{"line":184,"column":1}},"line":181},"59":{"name":"renderSidebarFacts","decl":{"start":{"line":188,"column":7},"end":{"line":214,"column":1}},"loc":{"start":{"line":188,"column":7},"end":{"line":214,"column":1}},"line":188},"60":{"name":"initTeacherTabs","decl":{"start":{"line":218,"column":7},"end":{"line":231,"column":1}},"loc":{"start":{"line":218,"column":7},"end":{"line":231,"column":1}},"line":218},"61":{"name":"renderGameHeader","decl":{"start":{"line":235,"column":7},"end":{"line":242,"column":1}},"loc":{"start":{"line":235,"column":7},"end":{"line":242,"column":1}},"line":235},"62":{"name":"renderTeacherPanel","decl":{"start":{"line":244,"column":7},"end":{"line":272,"column":1}},"loc":{"start":{"line":244,"column":7},"end":{"line":272,"column":1}},"line":244},"63":{"name":"updateAttempts","decl":{"start":{"line":274,"column":7},"end":{"line":282,"column":1}},"loc":{"start":{"line":274,"column":7},"end":{"line":282,"column":1}},"line":274},"64":{"name":"updateScore","decl":{"start":{"line":284,"column":7},"end":{"line":286,"column":1}},"loc":{"start":{"line":284,"column":7},"end":{"line":286,"column":1}},"line":284},"65":{"name":"clearChat","decl":{"start":{"line":290,"column":7},"end":{"line":292,"column":1}},"loc":{"start":{"line":290,"column":7},"end":{"line":292,"column":1}},"line":290},"66":{"name":"addChatMessage","decl":{"start":{"line":294,"column":7},"end":{"line":318,"column":1}},"loc":{"start":{"line":294,"column":7},"end":{"line":318,"column":1}},"line":294},"67":{"name":"addTypingIndicator","decl":{"start":{"line":320,"column":7},"end":{"line":328,"column":1}},"loc":{"start":{"line":320,"column":7},"end":{"line":328,"column":1}},"line":320},"68":{"name":"removeTypingIndicator","decl":{"start":{"line":330,"column":7},"end":{"line":333,"column":1}},"loc":{"start":{"line":330,"column":7},"end":{"line":333,"column":1}},"line":330},"69":{"name":"scrollChatToBottom","decl":{"start":{"line":335,"column":0},"end":{"line":340,"column":1}},"loc":{"start":{"line":335,"column":0},"end":{"line":340,"column":1}},"line":335},"70":{"name":"disableInput","decl":{"start":{"line":344,"column":7},"end":{"line":348,"column":1}},"loc":{"start":{"line":344,"column":7},"end":{"line":348,"column":1}},"line":344},"71":{"name":"enableInput","decl":{"start":{"line":350,"column":7},"end":{"line":355,"column":1}},"loc":{"start":{"line":350,"column":7},"end":{"line":355,"column":1}},"line":350},"72":{"name":"clearInput","decl":{"start":{"line":357,"column":7},"end":{"line":359,"column":1}},"loc":{"start":{"line":357,"column":7},"end":{"line":359,"column":1}},"line":357},"73":{"name":"getInputValue","decl":{"start":{"line":361,"column":7},"end":{"line":363,"column":1}},"loc":{"start":{"line":361,"column":7},"end":{"line":363,"column":1}},"line":361},"74":{"name":"showAnswerModal","decl":{"start":{"line":367,"column":7},"end":{"line":372,"column":1}},"loc":{"start":{"line":367,"column":7},"end":{"line":372,"column":1}},"line":367},"75":{"name":"hideAnswerModal","decl":{"start":{"line":374,"column":7},"end":{"line":376,"column":1}},"loc":{"start":{"line":374,"column":7},"end":{"line":376,"column":1}},"line":374},"76":{"name":"getAnswerValue","decl":{"start":{"line":378,"column":7},"end":{"line":380,"column":1}},"loc":{"start":{"line":378,"column":7},"end":{"line":380,"column":1}},"line":378},"77":{"name":"showResultModal","decl":{"start":{"line":382,"column":7},"end":{"line":392,"column":1}},"loc":{"start":{"line":382,"column":7},"end":{"line":392,"column":1}},"line":382},"78":{"name":"hideResultModal","decl":{"start":{"line":394,"column":7},"end":{"line":396,"column":1}},"loc":{"start":{"line":394,"column":7},"end":{"line":396,"column":1}},"line":394},"79":{"name":"renderEndScreen","decl":{"start":{"line":400,"column":7},"end":{"line":412,"column":1}},"loc":{"start":{"line":400,"column":7},"end":{"line":412,"column":1}},"line":400},"80":{"name":"setChatDataAttrs","decl":{"start":{"line":416,"column":7},"end":{"line":420,"column":1}},"loc":{"start":{"line":416,"column":7},"end":{"line":420,"column":1}},"line":416}},"f":{"0":10,"1":10,"2":10,"3":10,"4":0,"5":0,"6":0,"7":0,"8":0,"9":0,"10":0,"11":0,"12":0,"13":0,"14":0,"15":0,"16":0,"17":0,"18":0,"19":0,"20":0,"21":0,"22":0,"23":0,"24":0,"25":0,"26":0,"27":0,"28":0,"29":0,"30":0,"31":0,"32":0,"33":0,"34":0,"35":0,"36":0,"37":0,"38":0,"39":0,"40":0,"41":0,"42":0,"43":0,"44":0,"45":0,"46":0,"47":0,"48":0,"49":0,"50":0,"51":0,"52":0,"53":0,"54":10,"55":0,"56":0,"57":0,"58":0,"59":0,"60":0,"61":0,"62":0,"63":0,"64":0,"65":0,"66":0,"67":0,"68":0,"69":0,"70":0,"71":0,"72":0,"73":0,"74":0,"75":0,"76":0,"77":0,"78":0,"79":0,"80":0}}
}
